#
# A fatal error has been detected by the Java Runtime Environment:
#
#  EXCEPTION_ACCESS_VIOLATION (0xc0000005) at pc=0x00007ff9da29abcc, pid=1888, tid=13608
#
# JRE version: Java(TM) SE Runtime Environment (13.0.2+8) (build 13.0.2+8)
# Java VM: Java HotSpot(TM) 64-Bit Server VM (13.0.2+8, mixed mode, sharing, tiered, compressed oops, g1 gc, windows-amd64)
# Problematic frame:
# V  [jvm.dll+0x1babcc]
#
# No core dump will be written. Minidumps are not enabled by default on client versions of Windows
#
# If you would like to submit a bug report, please visit:
#   http://bugreport.java.com/bugreport/crash.jsp
#

---------------  S U M M A R Y ------------

Command Line: -XX:TieredStopAtLevel=1 -Xverify:none -Dspring.output.ansi.enabled=always -Dcom.sun.management.jmxremote -Dspring.jmx.enabled=true -Dspring.liveBeansView.mbeanDomain -Dspring.application.admin.enabled=true -javaagent:C:\Program Files\JetBrains\IntelliJ IDEA 2019.3.3\lib\idea_rt.jar=1405:C:\Program Files\JetBrains\IntelliJ IDEA 2019.3.3\bin -Dfile.encoding=UTF-8 com.space.datahub.DatahubApplication

Host: Intel(R) Core(TM) i7-7700HQ CPU @ 2.80GHz, 8 cores, 15G,  Windows 10 , 64 bit Build 18362 (10.0.18362.900)
Time: Sun Jun 14 18:50:10 2020 Oaio?aeuiiaa?iiaeneee (eaoi) elapsed time: 0 seconds (0d 0h 0m 0s)

---------------  T H R E A D  ---------------

Current thread (0x00000288b3ddb000):  JavaThread "C1 CompilerThread0" daemon [_thread_in_native_trans, id=13608, stack(0x0000009b0d600000,0x0000009b0d700000)]


Current CompileTask:
C1:    838 1284       1       java.util.LinkedHashMap$LinkedKeyIterator::next (8 bytes)

Stack: [0x0000009b0d600000,0x0000009b0d700000],  sp=0x0000009b0d6fe6c0,  free space=1017k
Native frames: (J=compiled Java code, j=interpreted, Vv=VM code, C=native code)
V  [jvm.dll+0x1babcc]
V  [jvm.dll+0x1338a6]
V  [jvm.dll+0x13639d]
V  [jvm.dll+0x1348c4]
V  [jvm.dll+0x12e3f8]
V  [jvm.dll+0x13e4b7]
V  [jvm.dll+0x1295d9]
V  [jvm.dll+0x129950]
V  [jvm.dll+0x129c0f]
V  [jvm.dll+0x128ea7]
V  [jvm.dll+0x12adc7]
V  [jvm.dll+0x213e6d]
V  [jvm.dll+0x2120bb]
V  [jvm.dll+0x736bb6]
V  [jvm.dll+0x72fcaa]
V  [jvm.dll+0x623ea6]
C  [ucrtbase.dll+0x20e82]
C  [KERNEL32.DLL+0x17bd4]
C  [ntdll.dll+0x6ce51]


siginfo: EXCEPTION_ACCESS_VIOLATION (0xc0000005), reading address 0xffffffffffffffff


Register to memory mapping:

RIP=0x00007ff9da29abcc jvm.dll
RAX=0x0000028897e3109e is at begin+0 in a stub
StubRoutines::orderaccess_fence [0x0000028897e3109e, 0x0000028897e310a5] (7 bytes)
RBX=0x00000288b4543331 points into unknown readable memory: b6 02 00 b6 03 00 b0
RCX=0x00000288b3ddb000 is a thread
RDX=0x0000000000000003 is an unknown value
RSP=0x0000009b0d6fe6c0 is pointing into the stack for thread: 0x00000288b3ddb000
RBP=0x00000000000000b6 is an unknown value
RSI=0x0000009b0d6fe7f0 is pointing into the stack for thread: 0x00000288b3ddb000
RDI=0x00000288b3ddb000 is a thread
R8 =0x00007ff9da9b6f80 jvm.dll
R9 =0x0000000000000002 is an unknown value
R10=0x00000288b3dd2d60 points into unknown readable memory: 01 00 00 00 1e 00 00 00
R11=0x00000288b37fced8 is pointing into metadata
R12=0x0 is NULL
R13=0x0 is NULL
R14=0x00000288b3dd2ce8 points into unknown readable memory: 00 b0 dd b3 88 02 00 00
R15=0x00000000000000b6 is an unknown value


Registers:
RAX=0x0000028897e3109e, RBX=0x00000288b4543331, RCX=0x00000288b3ddb000, RDX=0x0000000000000003
RSP=0x0000009b0d6fe6c0, RBP=0x00000000000000b6, RSI=0x0000009b0d6fe7f0, RDI=0x00000288b3ddb000
R8 =0x00007ff9da9b6f80, R9 =0x0000000000000002, R10=0x00000288b3dd2d60, R11=0x00000288b37fced8
R12=0x0000000000000000, R13=0x0000000000000000, R14=0x00000288b3dd2ce8, R15=0x00000000000000b6
RIP=0x00007ff9da29abcc, EFLAGS=0x0000000000010246

Top of Stack: (sp=0x0000009b0d6fe6c0)
0x0000009b0d6fe6c0:   0000009b0d6fea30 00000000000000b6
0x0000009b0d6fe6d0:   00000288b45424f0 0000000000000000
0x0000009b0d6fe6e0:   00000288b37fced8 00000288b3ddb000
0x0000009b0d6fe6f0:   00000000000000b6 0000000000000000
0x0000009b0d6fe700:   0000000000000000 0000009b0d6fea30
0x0000009b0d6fe710:   00000288b4543750 00007ff9da2138a6
0x0000009b0d6fe720:   00000288b37fced8 00000288b4543331
0x0000009b0d6fe730:   00000288b4543331 00000288b45425a0
0x0000009b0d6fe740:   0000009b0d6fe860 00007ff9da70604f
0x0000009b0d6fe750:   00000288b4879070 0000000000000001
0x0000009b0d6fe760:   00000000b4543301 0000009b0d6fe7d9
0x0000009b0d6fe770:   0000000000000000 00000288b4543330
0x0000009b0d6fe780:   00000288b45433a8 00000288b4543830
0x0000009b0d6fe790:   00000000000000b6 0000000000000000
0x0000009b0d6fe7a0:   0000000000000000 0000000000000000
0x0000009b0d6fe7b0:   0000000000000000 0000009b0d6fea30 

Instructions: (pc=0x00007ff9da29abcc)
0x00007ff9da29aacc:   8b 83 08 01 00 00 c0 e8 03 a8 01 74 08 48 8b cb
0x00007ff9da29aadc:   e8 ff 20 4d 00 48 8b 7c 24 40 48 8b c6 48 8b 74
0x00007ff9da29aaec:   24 38 c7 83 88 03 00 00 04 00 00 00 48 8b 5c 24
0x00007ff9da29aafc:   30 48 83 c4 20 41 5e c3 cc cc cc cc cc cc cc cc
0x00007ff9da29ab0c:   cc cc cc cc 48 83 ec 28 8b 41 40 83 f8 12 74 30
0x00007ff9da29ab1c:   83 c0 ed 83 f8 01 77 0b 33 d2 48 83 c4 28 e9 81
0x00007ff9da29ab2c:   08 f5 ff ba cf 00 00 00 48 8d 0d ed b1 69 00 e8
0x00007ff9da29ab3c:   90 12 09 00 e8 ab 9f 46 00 33 c0 48 83 c4 28 c3
0x00007ff9da29ab4c:   48 89 5c 24 20 48 8b 59 10 80 3b ca 75 0a 48 8b
0x00007ff9da29ab5c:   d3 33 c9 e8 dc 8d f6 ff 0f b6 43 01 48 8b 5c 24
0x00007ff9da29ab6c:   20 48 83 c4 28 c3 cc cc cc cc cc cc cc cc cc cc
0x00007ff9da29ab7c:   cc cc cc cc 48 89 5c 24 18 56 57 41 56 48 83 ec
0x00007ff9da29ab8c:   40 8b 15 01 ac 90 00 48 8b f1 65 48 8b 04 25 58
0x00007ff9da29ab9c:   00 00 00 b9 08 00 00 00 4c 8b 34 d0 4c 03 f1 49
0x00007ff9da29abac:   8b 3e c7 87 88 03 00 00 05 00 00 00 e8 93 bf 45
0x00007ff9da29abbc:   00 83 3d 3c 9f 8d 00 01 75 1b 48 8b 07 48 8b cf
0x00007ff9da29abcc:   ff 50 38 84 c0 74 0e 48 8b 87 08 01 00 00 c0 e8
0x00007ff9da29abdc:   03 24 01 eb 0b 8b 05 69 9a 8d 00 85 c0 0f 95 c0
0x00007ff9da29abec:   84 c0 75 0d 8b 87 d8 00 00 00 a9 04 00 00 20 74
0x00007ff9da29abfc:   08 48 8b cf e8 4b 56 57 00 c7 87 88 03 00 00 06
0x00007ff9da29ac0c:   00 00 00 48 8b 06 48 8b 48 10 48 8b 41 08 48 8b
0x00007ff9da29ac1c:   50 08 48 89 54 24 30 48 c7 44 24 38 00 00 00 00
0x00007ff9da29ac2c:   48 85 d2 74 1e 49 8b 0e 48 89 4c 24 38 48 89 54
0x00007ff9da29ac3c:   24 68 48 8d 54 24 68 48 8b 89 78 02 00 00 e8 d1
0x00007ff9da29ac4c:   11 e5 ff 81 7e 40 ba 00 00 00 75 25 b9 ea 00 00
0x00007ff9da29ac5c:   00 e8 9e ee ff ff 49 8b 0e 45 33 c9 48 8b 56 08
0x00007ff9da29ac6c:   4c 8b c0 48 8b 89 a8 04 00 00 e8 65 b2 fe ff eb
0x00007ff9da29ac7c:   49 48 8b 06 48 8b 48 10 48 8b 41 08 48 8b ce 48
0x00007ff9da29ac8c:   8b 58 08 e8 8c 09 00 00 45 33 c0 8b d0 48 8b cb
0x00007ff9da29ac9c:   e8 4f a6 08 00 48 8b 56 08 4c 8d 4c 24 60 49 8b
0x00007ff9da29acac:   0e 44 8b c0 48 89 54 24 20 48 8d 54 24 30 48 8b
0x00007ff9da29acbc:   89 a8 04 00 00 e8 9a ae fe ff 48 8d 4c 24 30 48 


Stack slot to memory mapping:
stack at sp + 0 slots: 0x0000009b0d6fea30 is pointing into the stack for thread: 0x00000288b3ddb000
stack at sp + 1 slots: 0x00000000000000b6 is an unknown value
stack at sp + 2 slots: 0x00000288b45424f0 points into unknown readable memory: d0 3d 93 da f9 7f 00 00
stack at sp + 3 slots: 0x0 is NULL
stack at sp + 4 slots: 0x00000288b37fced8 is pointing into metadata
stack at sp + 5 slots: 0x00000288b3ddb000 is a thread
stack at sp + 6 slots: 0x00000000000000b6 is an unknown value
stack at sp + 7 slots: 0x0 is NULL


---------------  P R O C E S S  ---------------

Threads class SMR info:
_java_thread_list=0x00000288b49da550, length=13, elements={
0x000002888f951800, 0x00000288b3db8000, 0x00000288b3db9000, 0x00000288b3dd8000,
0x00000288b3dd9000, 0x00000288b3ddb000, 0x00000288b3deb800, 0x00000288b32fd000,
0x00000288b44cc000, 0x00000288b44cd000, 0x00000288b4614800, 0x00000288b49d5800,
0x00000288b49d6800
}

Java Threads: ( => current thread )
  0x000002888f951800 JavaThread "main" [_thread_blocked, id=11624, stack(0x0000009b0cb00000,0x0000009b0cc00000)]
  0x00000288b3db8000 JavaThread "Reference Handler" daemon [_thread_blocked, id=10268, stack(0x0000009b0d200000,0x0000009b0d300000)]
  0x00000288b3db9000 JavaThread "Finalizer" daemon [_thread_blocked, id=2664, stack(0x0000009b0d300000,0x0000009b0d400000)]
  0x00000288b3dd8000 JavaThread "Signal Dispatcher" daemon [_thread_blocked, id=6800, stack(0x0000009b0d400000,0x0000009b0d500000)]
  0x00000288b3dd9000 JavaThread "Attach Listener" daemon [_thread_blocked, id=8644, stack(0x0000009b0d500000,0x0000009b0d600000)]
=>0x00000288b3ddb000 JavaThread "C1 CompilerThread0" daemon [_thread_in_native_trans, id=13608, stack(0x0000009b0d600000,0x0000009b0d700000)]
  0x00000288b3deb800 JavaThread "Sweeper thread" daemon [_thread_blocked, id=2764, stack(0x0000009b0d700000,0x0000009b0d800000)]
  0x00000288b32fd000 JavaThread "Common-Cleaner" daemon [_thread_blocked, id=7616, stack(0x0000009b0d800000,0x0000009b0d900000)]
  0x00000288b44cc000 JavaThread "Monitor Ctrl-Break" daemon [_thread_in_native, id=2584, stack(0x0000009b0d900000,0x0000009b0da00000)]
  0x00000288b44cd000 JavaThread "Service Thread" daemon [_thread_blocked, id=8876, stack(0x0000009b0da00000,0x0000009b0db00000)]
  0x00000288b4614800 JavaThread "RMI TCP Accept-0" daemon [_thread_in_native, id=1176, stack(0x0000009b0db00000,0x0000009b0dc00000)]
  0x00000288b49d5800 JavaThread "Thread-0" [_thread_blocked, id=8676, stack(0x0000009b0e200000,0x0000009b0e300000)]
  0x00000288b49d6800 JavaThread "restartedMain" [_thread_blocked, id=10756, stack(0x0000009b0e300000,0x0000009b0e400000)]

Other Threads:
  0x00000288b3db7000 VMThread "VM Thread" [stack: 0x0000009b0d100000,0x0000009b0d200000] [id=876] _threads_hazard_ptr=0x00000288b49da550
  0x00000288b45ff000 WatcherThread [stack: 0x0000009b0dc00000,0x0000009b0dd00000] [id=14132]
  0x000002888f9bb000 GCTaskThread "GC Thread#0" [stack: 0x0000009b0cc00000,0x0000009b0cd00000] [id=2344]
  0x00000288b490e000 GCTaskThread "GC Thread#1" [stack: 0x0000009b0dd00000,0x0000009b0de00000] [id=2840]
  0x00000288b4914800 GCTaskThread "GC Thread#2" [stack: 0x0000009b0de00000,0x0000009b0df00000] [id=6340]
  0x00000288b495a000 GCTaskThread "GC Thread#3" [stack: 0x0000009b0df00000,0x0000009b0e000000] [id=13920]
  0x00000288b495b000 GCTaskThread "GC Thread#4" [stack: 0x0000009b0e000000,0x0000009b0e100000] [id=2884]
  0x00000288b4953800 GCTaskThread "GC Thread#5" [stack: 0x0000009b0e100000,0x0000009b0e200000] [id=9152]
  0x000002888f9dc800 ConcurrentGCThread "G1 Main Marker" [stack: 0x0000009b0cd00000,0x0000009b0ce00000] [id=8480]
  0x000002888f9df800 ConcurrentGCThread "G1 Conc#0" [stack: 0x0000009b0ce00000,0x0000009b0cf00000] [id=10856]
  0x00000288b3212000 ConcurrentGCThread "G1 Refine#0" [stack: 0x0000009b0cf00000,0x0000009b0d000000] [id=13836]
  0x00000288b3214800 ConcurrentGCThread "G1 Young RemSet Sampling" [stack: 0x0000009b0d000000,0x0000009b0d100000] [id=11736]

Threads with active compile tasks:
C1 CompilerThread0      889 1284       1       java.util.LinkedHashMap$LinkedKeyIterator::next (8 bytes)

VM state:synchronizing (normal execution)

VM Mutex/Monitor currently owned by a thread:  ([mutex/lock_event])
[0x000002888f94e4d0] Threads_lock - owner thread: 0x00000288b3db7000

Heap address: 0x0000000701c00000, size: 4068 MB, Compressed Oops mode: Zero based, Oop shift amount: 3
Narrow klass base: 0x0000000800000000, Narrow klass shift: 3
Compressed class space size: 1073741824 Address: 0x0000000800b40000

Heap:
 garbage-first heap   total 262144K, used 57294K [0x0000000701c00000, 0x0000000800000000)
  region size 1024K, 53 young (54272K), 3 survivors (3072K)
 Metaspace       used 6570K, capacity 6964K, committed 7168K, reserved 1056768K
  class space    used 808K, capacity 925K, committed 1024K, reserved 1048576K
Heap Regions: E=young(eden), S=young(survivor), O=old, HS=humongous(starts), HC=humongous(continues), CS=collection set, F=free, A=archive, TAMS=top-at-mark-start (previous, next)
|   0|0x0000000701c00000, 0x0000000701d00000, 0x0000000701d00000|100%|HS|  |TAMS 0x0000000701c00000, 0x0000000701c00000| Complete 
|   1|0x0000000701d00000, 0x0000000701e00000, 0x0000000701e00000|100%| O|  |TAMS 0x0000000701d00000, 0x0000000701d00000| Untracked 
|   2|0x0000000701e00000, 0x0000000701f00000, 0x0000000701f00000|100%| O|  |TAMS 0x0000000701e00000, 0x0000000701e00000| Untracked 
|   3|0x0000000701f00000, 0x0000000702000000, 0x0000000702000000|100%| O|  |TAMS 0x0000000701f00000, 0x0000000701f00000| Untracked 
|   4|0x0000000702000000, 0x00000007020f3800, 0x0000000702100000| 95%| O|  |TAMS 0x0000000702000000, 0x0000000702000000| Untracked 
|   5|0x0000000702100000, 0x0000000702100000, 0x0000000702200000|  0%| F|  |TAMS 0x0000000702100000, 0x0000000702100000| Untracked 
|   6|0x0000000702200000, 0x0000000702200000, 0x0000000702300000|  0%| F|  |TAMS 0x0000000702200000, 0x0000000702200000| Untracked 
|   7|0x0000000702300000, 0x0000000702300000, 0x0000000702400000|  0%| F|  |TAMS 0x0000000702300000, 0x0000000702300000| Untracked 
|   8|0x0000000702400000, 0x0000000702400000, 0x0000000702500000|  0%| F|  |TAMS 0x0000000702400000, 0x0000000702400000| Untracked 
|   9|0x0000000702500000, 0x0000000702500000, 0x0000000702600000|  0%| F|  |TAMS 0x0000000702500000, 0x0000000702500000| Untracked 
|  10|0x0000000702600000, 0x0000000702600000, 0x0000000702700000|  0%| F|  |TAMS 0x0000000702600000, 0x0000000702600000| Untracked 
|  11|0x0000000702700000, 0x0000000702700000, 0x0000000702800000|  0%| F|  |TAMS 0x0000000702700000, 0x0000000702700000| Untracked 
|  12|0x0000000702800000, 0x0000000702800000, 0x0000000702900000|  0%| F|  |TAMS 0x0000000702800000, 0x0000000702800000| Untracked 
|  13|0x0000000702900000, 0x0000000702900000, 0x0000000702a00000|  0%| F|  |TAMS 0x0000000702900000, 0x0000000702900000| Untracked 
|  14|0x0000000702a00000, 0x0000000702a00000, 0x0000000702b00000|  0%| F|  |TAMS 0x0000000702a00000, 0x0000000702a00000| Untracked 
|  15|0x0000000702b00000, 0x0000000702b00000, 0x0000000702c00000|  0%| F|  |TAMS 0x0000000702b00000, 0x0000000702b00000| Untracked 
|  16|0x0000000702c00000, 0x0000000702c00000, 0x0000000702d00000|  0%| F|  |TAMS 0x0000000702c00000, 0x0000000702c00000| Untracked 
|  17|0x0000000702d00000, 0x0000000702d00000, 0x0000000702e00000|  0%| F|  |TAMS 0x0000000702d00000, 0x0000000702d00000| Untracked 
|  18|0x0000000702e00000, 0x0000000702e00000, 0x0000000702f00000|  0%| F|  |TAMS 0x0000000702e00000, 0x0000000702e00000| Untracked 
|  19|0x0000000702f00000, 0x0000000702f00000, 0x0000000703000000|  0%| F|  |TAMS 0x0000000702f00000, 0x0000000702f00000| Untracked 
|  20|0x0000000703000000, 0x0000000703000000, 0x0000000703100000|  0%| F|  |TAMS 0x0000000703000000, 0x0000000703000000| Untracked 
|  21|0x0000000703100000, 0x0000000703100000, 0x0000000703200000|  0%| F|  |TAMS 0x0000000703100000, 0x0000000703100000| Untracked 
|  22|0x0000000703200000, 0x0000000703200000, 0x0000000703300000|  0%| F|  |TAMS 0x0000000703200000, 0x0000000703200000| Untracked 
|  23|0x0000000703300000, 0x0000000703300000, 0x0000000703400000|  0%| F|  |TAMS 0x0000000703300000, 0x0000000703300000| Untracked 
|  24|0x0000000703400000, 0x0000000703400000, 0x0000000703500000|  0%| F|  |TAMS 0x0000000703400000, 0x0000000703400000| Untracked 
|  25|0x0000000703500000, 0x0000000703500000, 0x0000000703600000|  0%| F|  |TAMS 0x0000000703500000, 0x0000000703500000| Untracked 
|  26|0x0000000703600000, 0x0000000703600000, 0x0000000703700000|  0%| F|  |TAMS 0x0000000703600000, 0x0000000703600000| Untracked 
|  27|0x0000000703700000, 0x0000000703700000, 0x0000000703800000|  0%| F|  |TAMS 0x0000000703700000, 0x0000000703700000| Untracked 
|  28|0x0000000703800000, 0x0000000703800000, 0x0000000703900000|  0%| F|  |TAMS 0x0000000703800000, 0x0000000703800000| Untracked 
|  29|0x0000000703900000, 0x0000000703900000, 0x0000000703a00000|  0%| F|  |TAMS 0x0000000703900000, 0x0000000703900000| Untracked 
|  30|0x0000000703a00000, 0x0000000703a00000, 0x0000000703b00000|  0%| F|  |TAMS 0x0000000703a00000, 0x0000000703a00000| Untracked 
|  31|0x0000000703b00000, 0x0000000703b00000, 0x0000000703c00000|  0%| F|  |TAMS 0x0000000703b00000, 0x0000000703b00000| Untracked 
|  32|0x0000000703c00000, 0x0000000703c00000, 0x0000000703d00000|  0%| F|  |TAMS 0x0000000703c00000, 0x0000000703c00000| Untracked 
|  33|0x0000000703d00000, 0x0000000703d00000, 0x0000000703e00000|  0%| F|  |TAMS 0x0000000703d00000, 0x0000000703d00000| Untracked 
|  34|0x0000000703e00000, 0x0000000703e00000, 0x0000000703f00000|  0%| F|  |TAMS 0x0000000703e00000, 0x0000000703e00000| Untracked 
|  35|0x0000000703f00000, 0x0000000703f00000, 0x0000000704000000|  0%| F|  |TAMS 0x0000000703f00000, 0x0000000703f00000| Untracked 
|  36|0x0000000704000000, 0x0000000704000000, 0x0000000704100000|  0%| F|  |TAMS 0x0000000704000000, 0x0000000704000000| Untracked 
|  37|0x0000000704100000, 0x0000000704100000, 0x0000000704200000|  0%| F|  |TAMS 0x0000000704100000, 0x0000000704100000| Untracked 
|  38|0x0000000704200000, 0x0000000704200000, 0x0000000704300000|  0%| F|  |TAMS 0x0000000704200000, 0x0000000704200000| Untracked 
|  39|0x0000000704300000, 0x0000000704300000, 0x0000000704400000|  0%| F|  |TAMS 0x0000000704300000, 0x0000000704300000| Untracked 
|  40|0x0000000704400000, 0x0000000704400000, 0x0000000704500000|  0%| F|  |TAMS 0x0000000704400000, 0x0000000704400000| Untracked 
|  41|0x0000000704500000, 0x0000000704500000, 0x0000000704600000|  0%| F|  |TAMS 0x0000000704500000, 0x0000000704500000| Untracked 
|  42|0x0000000704600000, 0x0000000704600000, 0x0000000704700000|  0%| F|  |TAMS 0x0000000704600000, 0x0000000704600000| Untracked 
|  43|0x0000000704700000, 0x0000000704700000, 0x0000000704800000|  0%| F|  |TAMS 0x0000000704700000, 0x0000000704700000| Untracked 
|  44|0x0000000704800000, 0x0000000704800000, 0x0000000704900000|  0%| F|  |TAMS 0x0000000704800000, 0x0000000704800000| Untracked 
|  45|0x0000000704900000, 0x0000000704900000, 0x0000000704a00000|  0%| F|  |TAMS 0x0000000704900000, 0x0000000704900000| Untracked 
|  46|0x0000000704a00000, 0x0000000704a00000, 0x0000000704b00000|  0%| F|  |TAMS 0x0000000704a00000, 0x0000000704a00000| Untracked 
|  47|0x0000000704b00000, 0x0000000704b00000, 0x0000000704c00000|  0%| F|  |TAMS 0x0000000704b00000, 0x0000000704b00000| Untracked 
|  48|0x0000000704c00000, 0x0000000704c00000, 0x0000000704d00000|  0%| F|  |TAMS 0x0000000704c00000, 0x0000000704c00000| Untracked 
|  49|0x0000000704d00000, 0x0000000704d00000, 0x0000000704e00000|  0%| F|  |TAMS 0x0000000704d00000, 0x0000000704d00000| Untracked 
|  50|0x0000000704e00000, 0x0000000704e00000, 0x0000000704f00000|  0%| F|  |TAMS 0x0000000704e00000, 0x0000000704e00000| Untracked 
|  51|0x0000000704f00000, 0x0000000704f00000, 0x0000000705000000|  0%| F|  |TAMS 0x0000000704f00000, 0x0000000704f00000| Untracked 
|  52|0x0000000705000000, 0x0000000705000000, 0x0000000705100000|  0%| F|  |TAMS 0x0000000705000000, 0x0000000705000000| Untracked 
|  53|0x0000000705100000, 0x0000000705100000, 0x0000000705200000|  0%| F|  |TAMS 0x0000000705100000, 0x0000000705100000| Untracked 
|  54|0x0000000705200000, 0x0000000705200000, 0x0000000705300000|  0%| F|  |TAMS 0x0000000705200000, 0x0000000705200000| Untracked 
|  55|0x0000000705300000, 0x0000000705300000, 0x0000000705400000|  0%| F|  |TAMS 0x0000000705300000, 0x0000000705300000| Untracked 
|  56|0x0000000705400000, 0x0000000705400000, 0x0000000705500000|  0%| F|  |TAMS 0x0000000705400000, 0x0000000705400000| Untracked 
|  57|0x0000000705500000, 0x0000000705500000, 0x0000000705600000|  0%| F|  |TAMS 0x0000000705500000, 0x0000000705500000| Untracked 
|  58|0x0000000705600000, 0x0000000705600000, 0x0000000705700000|  0%| F|  |TAMS 0x0000000705600000, 0x0000000705600000| Untracked 
|  59|0x0000000705700000, 0x0000000705700000, 0x0000000705800000|  0%| F|  |TAMS 0x0000000705700000, 0x0000000705700000| Untracked 
|  60|0x0000000705800000, 0x0000000705800000, 0x0000000705900000|  0%| F|  |TAMS 0x0000000705800000, 0x0000000705800000| Untracked 
|  61|0x0000000705900000, 0x0000000705900000, 0x0000000705a00000|  0%| F|  |TAMS 0x0000000705900000, 0x0000000705900000| Untracked 
|  62|0x0000000705a00000, 0x0000000705a00000, 0x0000000705b00000|  0%| F|  |TAMS 0x0000000705a00000, 0x0000000705a00000| Untracked 
|  63|0x0000000705b00000, 0x0000000705b00000, 0x0000000705c00000|  0%| F|  |TAMS 0x0000000705b00000, 0x0000000705b00000| Untracked 
|  64|0x0000000705c00000, 0x0000000705c00000, 0x0000000705d00000|  0%| F|  |TAMS 0x0000000705c00000, 0x0000000705c00000| Untracked 
|  65|0x0000000705d00000, 0x0000000705d00000, 0x0000000705e00000|  0%| F|  |TAMS 0x0000000705d00000, 0x0000000705d00000| Untracked 
|  66|0x0000000705e00000, 0x0000000705e00000, 0x0000000705f00000|  0%| F|  |TAMS 0x0000000705e00000, 0x0000000705e00000| Untracked 
|  67|0x0000000705f00000, 0x0000000705f00000, 0x0000000706000000|  0%| F|  |TAMS 0x0000000705f00000, 0x0000000705f00000| Untracked 
|  68|0x0000000706000000, 0x0000000706000000, 0x0000000706100000|  0%| F|  |TAMS 0x0000000706000000, 0x0000000706000000| Untracked 
|  69|0x0000000706100000, 0x0000000706100000, 0x0000000706200000|  0%| F|  |TAMS 0x0000000706100000, 0x0000000706100000| Untracked 
|  70|0x0000000706200000, 0x0000000706200000, 0x0000000706300000|  0%| F|  |TAMS 0x0000000706200000, 0x0000000706200000| Untracked 
|  71|0x0000000706300000, 0x0000000706300000, 0x0000000706400000|  0%| F|  |TAMS 0x0000000706300000, 0x0000000706300000| Untracked 
|  72|0x0000000706400000, 0x0000000706400000, 0x0000000706500000|  0%| F|  |TAMS 0x0000000706400000, 0x0000000706400000| Untracked 
|  73|0x0000000706500000, 0x0000000706500000, 0x0000000706600000|  0%| F|  |TAMS 0x0000000706500000, 0x0000000706500000| Untracked 
|  74|0x0000000706600000, 0x0000000706600000, 0x0000000706700000|  0%| F|  |TAMS 0x0000000706600000, 0x0000000706600000| Untracked 
|  75|0x0000000706700000, 0x0000000706700000, 0x0000000706800000|  0%| F|  |TAMS 0x0000000706700000, 0x0000000706700000| Untracked 
|  76|0x0000000706800000, 0x0000000706800000, 0x0000000706900000|  0%| F|  |TAMS 0x0000000706800000, 0x0000000706800000| Untracked 
|  77|0x0000000706900000, 0x0000000706900000, 0x0000000706a00000|  0%| F|  |TAMS 0x0000000706900000, 0x0000000706900000| Untracked 
|  78|0x0000000706a00000, 0x0000000706a00000, 0x0000000706b00000|  0%| F|  |TAMS 0x0000000706a00000, 0x0000000706a00000| Untracked 
|  79|0x0000000706b00000, 0x0000000706b00000, 0x0000000706c00000|  0%| F|  |TAMS 0x0000000706b00000, 0x0000000706b00000| Untracked 
|  80|0x0000000706c00000, 0x0000000706c00000, 0x0000000706d00000|  0%| F|  |TAMS 0x0000000706c00000, 0x0000000706c00000| Untracked 
|  81|0x0000000706d00000, 0x0000000706d00000, 0x0000000706e00000|  0%| F|  |TAMS 0x0000000706d00000, 0x0000000706d00000| Untracked 
|  82|0x0000000706e00000, 0x0000000706e00000, 0x0000000706f00000|  0%| F|  |TAMS 0x0000000706e00000, 0x0000000706e00000| Untracked 
|  83|0x0000000706f00000, 0x0000000706f00000, 0x0000000707000000|  0%| F|  |TAMS 0x0000000706f00000, 0x0000000706f00000| Untracked 
|  84|0x0000000707000000, 0x0000000707000000, 0x0000000707100000|  0%| F|  |TAMS 0x0000000707000000, 0x0000000707000000| Untracked 
|  85|0x0000000707100000, 0x0000000707100000, 0x0000000707200000|  0%| F|  |TAMS 0x0000000707100000, 0x0000000707100000| Untracked 
|  86|0x0000000707200000, 0x0000000707200000, 0x0000000707300000|  0%| F|  |TAMS 0x0000000707200000, 0x0000000707200000| Untracked 
|  87|0x0000000707300000, 0x0000000707300000, 0x0000000707400000|  0%| F|  |TAMS 0x0000000707300000, 0x0000000707300000| Untracked 
|  88|0x0000000707400000, 0x0000000707400000, 0x0000000707500000|  0%| F|  |TAMS 0x0000000707400000, 0x0000000707400000| Untracked 
|  89|0x0000000707500000, 0x0000000707500000, 0x0000000707600000|  0%| F|  |TAMS 0x0000000707500000, 0x0000000707500000| Untracked 
|  90|0x0000000707600000, 0x0000000707600000, 0x0000000707700000|  0%| F|  |TAMS 0x0000000707600000, 0x0000000707600000| Untracked 
|  91|0x0000000707700000, 0x0000000707700000, 0x0000000707800000|  0%| F|  |TAMS 0x0000000707700000, 0x0000000707700000| Untracked 
|  92|0x0000000707800000, 0x0000000707800000, 0x0000000707900000|  0%| F|  |TAMS 0x0000000707800000, 0x0000000707800000| Untracked 
|  93|0x0000000707900000, 0x0000000707900000, 0x0000000707a00000|  0%| F|  |TAMS 0x0000000707900000, 0x0000000707900000| Untracked 
|  94|0x0000000707a00000, 0x0000000707a00000, 0x0000000707b00000|  0%| F|  |TAMS 0x0000000707a00000, 0x0000000707a00000| Untracked 
|  95|0x0000000707b00000, 0x0000000707b00000, 0x0000000707c00000|  0%| F|  |TAMS 0x0000000707b00000, 0x0000000707b00000| Untracked 
|  96|0x0000000707c00000, 0x0000000707c00000, 0x0000000707d00000|  0%| F|  |TAMS 0x0000000707c00000, 0x0000000707c00000| Untracked 
|  97|0x0000000707d00000, 0x0000000707d00000, 0x0000000707e00000|  0%| F|  |TAMS 0x0000000707d00000, 0x0000000707d00000| Untracked 
|  98|0x0000000707e00000, 0x0000000707e00000, 0x0000000707f00000|  0%| F|  |TAMS 0x0000000707e00000, 0x0000000707e00000| Untracked 
|  99|0x0000000707f00000, 0x0000000707f00000, 0x0000000708000000|  0%| F|  |TAMS 0x0000000707f00000, 0x0000000707f00000| Untracked 
| 100|0x0000000708000000, 0x0000000708000000, 0x0000000708100000|  0%| F|  |TAMS 0x0000000708000000, 0x0000000708000000| Untracked 
| 101|0x0000000708100000, 0x0000000708100000, 0x0000000708200000|  0%| F|  |TAMS 0x0000000708100000, 0x0000000708100000| Untracked 
| 102|0x0000000708200000, 0x0000000708200000, 0x0000000708300000|  0%| F|  |TAMS 0x0000000708200000, 0x0000000708200000| Untracked 
| 103|0x0000000708300000, 0x0000000708300000, 0x0000000708400000|  0%| F|  |TAMS 0x0000000708300000, 0x0000000708300000| Untracked 
| 104|0x0000000708400000, 0x0000000708400000, 0x0000000708500000|  0%| F|  |TAMS 0x0000000708400000, 0x0000000708400000| Untracked 
| 105|0x0000000708500000, 0x0000000708500000, 0x0000000708600000|  0%| F|  |TAMS 0x0000000708500000, 0x0000000708500000| Untracked 
| 106|0x0000000708600000, 0x0000000708600000, 0x0000000708700000|  0%| F|  |TAMS 0x0000000708600000, 0x0000000708600000| Untracked 
| 107|0x0000000708700000, 0x0000000708700000, 0x0000000708800000|  0%| F|  |TAMS 0x0000000708700000, 0x0000000708700000| Untracked 
| 108|0x0000000708800000, 0x0000000708800000, 0x0000000708900000|  0%| F|  |TAMS 0x0000000708800000, 0x0000000708800000| Untracked 
| 109|0x0000000708900000, 0x0000000708900000, 0x0000000708a00000|  0%| F|  |TAMS 0x0000000708900000, 0x0000000708900000| Untracked 
| 110|0x0000000708a00000, 0x0000000708a00000, 0x0000000708b00000|  0%| F|  |TAMS 0x0000000708a00000, 0x0000000708a00000| Untracked 
| 111|0x0000000708b00000, 0x0000000708b00000, 0x0000000708c00000|  0%| F|  |TAMS 0x0000000708b00000, 0x0000000708b00000| Untracked 
| 112|0x0000000708c00000, 0x0000000708c00000, 0x0000000708d00000|  0%| F|  |TAMS 0x0000000708c00000, 0x0000000708c00000| Untracked 
| 113|0x0000000708d00000, 0x0000000708d00000, 0x0000000708e00000|  0%| F|  |TAMS 0x0000000708d00000, 0x0000000708d00000| Untracked 
| 114|0x0000000708e00000, 0x0000000708e00000, 0x0000000708f00000|  0%| F|  |TAMS 0x0000000708e00000, 0x0000000708e00000| Untracked 
| 115|0x0000000708f00000, 0x0000000708f00000, 0x0000000709000000|  0%| F|  |TAMS 0x0000000708f00000, 0x0000000708f00000| Untracked 
| 116|0x0000000709000000, 0x0000000709000000, 0x0000000709100000|  0%| F|  |TAMS 0x0000000709000000, 0x0000000709000000| Untracked 
| 117|0x0000000709100000, 0x0000000709100000, 0x0000000709200000|  0%| F|  |TAMS 0x0000000709100000, 0x0000000709100000| Untracked 
| 118|0x0000000709200000, 0x0000000709200000, 0x0000000709300000|  0%| F|  |TAMS 0x0000000709200000, 0x0000000709200000| Untracked 
| 119|0x0000000709300000, 0x0000000709300000, 0x0000000709400000|  0%| F|  |TAMS 0x0000000709300000, 0x0000000709300000| Untracked 
| 120|0x0000000709400000, 0x0000000709400000, 0x0000000709500000|  0%| F|  |TAMS 0x0000000709400000, 0x0000000709400000| Untracked 
| 121|0x0000000709500000, 0x0000000709500000, 0x0000000709600000|  0%| F|  |TAMS 0x0000000709500000, 0x0000000709500000| Untracked 
| 122|0x0000000709600000, 0x0000000709600000, 0x0000000709700000|  0%| F|  |TAMS 0x0000000709600000, 0x0000000709600000| Untracked 
| 123|0x0000000709700000, 0x0000000709700000, 0x0000000709800000|  0%| F|  |TAMS 0x0000000709700000, 0x0000000709700000| Untracked 
| 124|0x0000000709800000, 0x0000000709800000, 0x0000000709900000|  0%| F|  |TAMS 0x0000000709800000, 0x0000000709800000| Untracked 
| 125|0x0000000709900000, 0x0000000709900000, 0x0000000709a00000|  0%| F|  |TAMS 0x0000000709900000, 0x0000000709900000| Untracked 
| 126|0x0000000709a00000, 0x0000000709a00000, 0x0000000709b00000|  0%| F|  |TAMS 0x0000000709a00000, 0x0000000709a00000| Untracked 
| 127|0x0000000709b00000, 0x0000000709b00000, 0x0000000709c00000|  0%| F|  |TAMS 0x0000000709b00000, 0x0000000709b00000| Untracked 
| 128|0x0000000709c00000, 0x0000000709c00000, 0x0000000709d00000|  0%| F|  |TAMS 0x0000000709c00000, 0x0000000709c00000| Untracked 
| 129|0x0000000709d00000, 0x0000000709d00000, 0x0000000709e00000|  0%| F|  |TAMS 0x0000000709d00000, 0x0000000709d00000| Untracked 
| 130|0x0000000709e00000, 0x0000000709e00000, 0x0000000709f00000|  0%| F|  |TAMS 0x0000000709e00000, 0x0000000709e00000| Untracked 
| 131|0x0000000709f00000, 0x0000000709f00000, 0x000000070a000000|  0%| F|  |TAMS 0x0000000709f00000, 0x0000000709f00000| Untracked 
| 132|0x000000070a000000, 0x000000070a000000, 0x000000070a100000|  0%| F|  |TAMS 0x000000070a000000, 0x000000070a000000| Untracked 
| 133|0x000000070a100000, 0x000000070a100000, 0x000000070a200000|  0%| F|  |TAMS 0x000000070a100000, 0x000000070a100000| Untracked 
| 134|0x000000070a200000, 0x000000070a200000, 0x000000070a300000|  0%| F|  |TAMS 0x000000070a200000, 0x000000070a200000| Untracked 
| 135|0x000000070a300000, 0x000000070a300000, 0x000000070a400000|  0%| F|  |TAMS 0x000000070a300000, 0x000000070a300000| Untracked 
| 136|0x000000070a400000, 0x000000070a400000, 0x000000070a500000|  0%| F|  |TAMS 0x000000070a400000, 0x000000070a400000| Untracked 
| 137|0x000000070a500000, 0x000000070a500000, 0x000000070a600000|  0%| F|  |TAMS 0x000000070a500000, 0x000000070a500000| Untracked 
| 138|0x000000070a600000, 0x000000070a600000, 0x000000070a700000|  0%| F|  |TAMS 0x000000070a600000, 0x000000070a600000| Untracked 
| 139|0x000000070a700000, 0x000000070a700000, 0x000000070a800000|  0%| F|  |TAMS 0x000000070a700000, 0x000000070a700000| Untracked 
| 140|0x000000070a800000, 0x000000070a800000, 0x000000070a900000|  0%| F|  |TAMS 0x000000070a800000, 0x000000070a800000| Untracked 
| 141|0x000000070a900000, 0x000000070a900000, 0x000000070aa00000|  0%| F|  |TAMS 0x000000070a900000, 0x000000070a900000| Untracked 
| 142|0x000000070aa00000, 0x000000070aa00000, 0x000000070ab00000|  0%| F|  |TAMS 0x000000070aa00000, 0x000000070aa00000| Untracked 
| 143|0x000000070ab00000, 0x000000070ab00000, 0x000000070ac00000|  0%| F|  |TAMS 0x000000070ab00000, 0x000000070ab00000| Untracked 
| 144|0x000000070ac00000, 0x000000070ac00000, 0x000000070ad00000|  0%| F|  |TAMS 0x000000070ac00000, 0x000000070ac00000| Untracked 
| 145|0x000000070ad00000, 0x000000070ad00000, 0x000000070ae00000|  0%| F|  |TAMS 0x000000070ad00000, 0x000000070ad00000| Untracked 
| 146|0x000000070ae00000, 0x000000070ae00000, 0x000000070af00000|  0%| F|  |TAMS 0x000000070ae00000, 0x000000070ae00000| Untracked 
| 147|0x000000070af00000, 0x000000070af00000, 0x000000070b000000|  0%| F|  |TAMS 0x000000070af00000, 0x000000070af00000| Untracked 
| 148|0x000000070b000000, 0x000000070b000000, 0x000000070b100000|  0%| F|  |TAMS 0x000000070b000000, 0x000000070b000000| Untracked 
| 149|0x000000070b100000, 0x000000070b100000, 0x000000070b200000|  0%| F|  |TAMS 0x000000070b100000, 0x000000070b100000| Untracked 
| 150|0x000000070b200000, 0x000000070b200000, 0x000000070b300000|  0%| F|  |TAMS 0x000000070b200000, 0x000000070b200000| Untracked 
| 151|0x000000070b300000, 0x000000070b300000, 0x000000070b400000|  0%| F|  |TAMS 0x000000070b300000, 0x000000070b300000| Untracked 
| 152|0x000000070b400000, 0x000000070b400000, 0x000000070b500000|  0%| F|  |TAMS 0x000000070b400000, 0x000000070b400000| Untracked 
| 153|0x000000070b500000, 0x000000070b500000, 0x000000070b600000|  0%| F|  |TAMS 0x000000070b500000, 0x000000070b500000| Untracked 
| 154|0x000000070b600000, 0x000000070b600000, 0x000000070b700000|  0%| F|  |TAMS 0x000000070b600000, 0x000000070b600000| Untracked 
| 155|0x000000070b700000, 0x000000070b700000, 0x000000070b800000|  0%| F|  |TAMS 0x000000070b700000, 0x000000070b700000| Untracked 
| 156|0x000000070b800000, 0x000000070b800000, 0x000000070b900000|  0%| F|  |TAMS 0x000000070b800000, 0x000000070b800000| Untracked 
| 157|0x000000070b900000, 0x000000070b900000, 0x000000070ba00000|  0%| F|  |TAMS 0x000000070b900000, 0x000000070b900000| Untracked 
| 158|0x000000070ba00000, 0x000000070ba00000, 0x000000070bb00000|  0%| F|  |TAMS 0x000000070ba00000, 0x000000070ba00000| Untracked 
| 159|0x000000070bb00000, 0x000000070bb00000, 0x000000070bc00000|  0%| F|  |TAMS 0x000000070bb00000, 0x000000070bb00000| Untracked 
| 160|0x000000070bc00000, 0x000000070bc00000, 0x000000070bd00000|  0%| F|  |TAMS 0x000000070bc00000, 0x000000070bc00000| Untracked 
| 161|0x000000070bd00000, 0x000000070bd00000, 0x000000070be00000|  0%| F|  |TAMS 0x000000070bd00000, 0x000000070bd00000| Untracked 
| 162|0x000000070be00000, 0x000000070be00000, 0x000000070bf00000|  0%| F|  |TAMS 0x000000070be00000, 0x000000070be00000| Untracked 
| 163|0x000000070bf00000, 0x000000070bf00000, 0x000000070c000000|  0%| F|  |TAMS 0x000000070bf00000, 0x000000070bf00000| Untracked 
| 164|0x000000070c000000, 0x000000070c000000, 0x000000070c100000|  0%| F|  |TAMS 0x000000070c000000, 0x000000070c000000| Untracked 
| 165|0x000000070c100000, 0x000000070c100000, 0x000000070c200000|  0%| F|  |TAMS 0x000000070c100000, 0x000000070c100000| Untracked 
| 166|0x000000070c200000, 0x000000070c200000, 0x000000070c300000|  0%| F|  |TAMS 0x000000070c200000, 0x000000070c200000| Untracked 
| 167|0x000000070c300000, 0x000000070c300000, 0x000000070c400000|  0%| F|  |TAMS 0x000000070c300000, 0x000000070c300000| Untracked 
| 168|0x000000070c400000, 0x000000070c400000, 0x000000070c500000|  0%| F|  |TAMS 0x000000070c400000, 0x000000070c400000| Untracked 
| 169|0x000000070c500000, 0x000000070c500000, 0x000000070c600000|  0%| F|  |TAMS 0x000000070c500000, 0x000000070c500000| Untracked 
| 170|0x000000070c600000, 0x000000070c600000, 0x000000070c700000|  0%| F|  |TAMS 0x000000070c600000, 0x000000070c600000| Untracked 
| 171|0x000000070c700000, 0x000000070c700000, 0x000000070c800000|  0%| F|  |TAMS 0x000000070c700000, 0x000000070c700000| Untracked 
| 172|0x000000070c800000, 0x000000070c800000, 0x000000070c900000|  0%| F|  |TAMS 0x000000070c800000, 0x000000070c800000| Untracked 
| 173|0x000000070c900000, 0x000000070c900000, 0x000000070ca00000|  0%| F|  |TAMS 0x000000070c900000, 0x000000070c900000| Untracked 
| 174|0x000000070ca00000, 0x000000070ca00000, 0x000000070cb00000|  0%| F|  |TAMS 0x000000070ca00000, 0x000000070ca00000| Untracked 
| 175|0x000000070cb00000, 0x000000070cb00000, 0x000000070cc00000|  0%| F|  |TAMS 0x000000070cb00000, 0x000000070cb00000| Untracked 
| 176|0x000000070cc00000, 0x000000070cc00000, 0x000000070cd00000|  0%| F|  |TAMS 0x000000070cc00000, 0x000000070cc00000| Untracked 
| 177|0x000000070cd00000, 0x000000070cd00000, 0x000000070ce00000|  0%| F|  |TAMS 0x000000070cd00000, 0x000000070cd00000| Untracked 
| 178|0x000000070ce00000, 0x000000070ce00000, 0x000000070cf00000|  0%| F|  |TAMS 0x000000070ce00000, 0x000000070ce00000| Untracked 
| 179|0x000000070cf00000, 0x000000070cf00000, 0x000000070d000000|  0%| F|  |TAMS 0x000000070cf00000, 0x000000070cf00000| Untracked 
| 180|0x000000070d000000, 0x000000070d000000, 0x000000070d100000|  0%| F|  |TAMS 0x000000070d000000, 0x000000070d000000| Untracked 
| 181|0x000000070d100000, 0x000000070d100000, 0x000000070d200000|  0%| F|  |TAMS 0x000000070d100000, 0x000000070d100000| Untracked 
| 182|0x000000070d200000, 0x000000070d200000, 0x000000070d300000|  0%| F|  |TAMS 0x000000070d200000, 0x000000070d200000| Untracked 
| 183|0x000000070d300000, 0x000000070d300000, 0x000000070d400000|  0%| F|  |TAMS 0x000000070d300000, 0x000000070d300000| Untracked 
| 184|0x000000070d400000, 0x000000070d400000, 0x000000070d500000|  0%| F|  |TAMS 0x000000070d400000, 0x000000070d400000| Untracked 
| 185|0x000000070d500000, 0x000000070d500000, 0x000000070d600000|  0%| F|  |TAMS 0x000000070d500000, 0x000000070d500000| Untracked 
| 186|0x000000070d600000, 0x000000070d600000, 0x000000070d700000|  0%| F|  |TAMS 0x000000070d600000, 0x000000070d600000| Untracked 
| 187|0x000000070d700000, 0x000000070d700000, 0x000000070d800000|  0%| F|  |TAMS 0x000000070d700000, 0x000000070d700000| Untracked 
| 188|0x000000070d800000, 0x000000070d800000, 0x000000070d900000|  0%| F|  |TAMS 0x000000070d800000, 0x000000070d800000| Untracked 
| 189|0x000000070d900000, 0x000000070d900000, 0x000000070da00000|  0%| F|  |TAMS 0x000000070d900000, 0x000000070d900000| Untracked 
| 190|0x000000070da00000, 0x000000070da00000, 0x000000070db00000|  0%| F|  |TAMS 0x000000070da00000, 0x000000070da00000| Untracked 
| 191|0x000000070db00000, 0x000000070db00000, 0x000000070dc00000|  0%| F|  |TAMS 0x000000070db00000, 0x000000070db00000| Untracked 
| 192|0x000000070dc00000, 0x000000070dc00000, 0x000000070dd00000|  0%| F|  |TAMS 0x000000070dc00000, 0x000000070dc00000| Untracked 
| 193|0x000000070dd00000, 0x000000070dd00000, 0x000000070de00000|  0%| F|  |TAMS 0x000000070dd00000, 0x000000070dd00000| Untracked 
| 194|0x000000070de00000, 0x000000070de00000, 0x000000070df00000|  0%| F|  |TAMS 0x000000070de00000, 0x000000070de00000| Untracked 
| 195|0x000000070df00000, 0x000000070df00000, 0x000000070e000000|  0%| F|  |TAMS 0x000000070df00000, 0x000000070df00000| Untracked 
| 196|0x000000070e000000, 0x000000070e000000, 0x000000070e100000|  0%| F|  |TAMS 0x000000070e000000, 0x000000070e000000| Untracked 
| 197|0x000000070e100000, 0x000000070e100000, 0x000000070e200000|  0%| F|  |TAMS 0x000000070e100000, 0x000000070e100000| Untracked 
| 198|0x000000070e200000, 0x000000070e200000, 0x000000070e300000|  0%| F|  |TAMS 0x000000070e200000, 0x000000070e200000| Untracked 
| 199|0x000000070e300000, 0x000000070e300000, 0x000000070e400000|  0%| F|  |TAMS 0x000000070e300000, 0x000000070e300000| Untracked 
| 200|0x000000070e400000, 0x000000070e400000, 0x000000070e500000|  0%| F|  |TAMS 0x000000070e400000, 0x000000070e400000| Untracked 
| 201|0x000000070e500000, 0x000000070e500000, 0x000000070e600000|  0%| F|  |TAMS 0x000000070e500000, 0x000000070e500000| Untracked 
| 202|0x000000070e600000, 0x000000070e600000, 0x000000070e700000|  0%| F|  |TAMS 0x000000070e600000, 0x000000070e600000| Untracked 
| 203|0x000000070e700000, 0x000000070e782010, 0x000000070e800000| 50%| E|  |TAMS 0x000000070e700000, 0x000000070e700000| Complete 
| 204|0x000000070e800000, 0x000000070e900000, 0x000000070e900000|100%| E|CS|TAMS 0x000000070e800000, 0x000000070e800000| Complete 
| 205|0x000000070e900000, 0x000000070ea00000, 0x000000070ea00000|100%| E|CS|TAMS 0x000000070e900000, 0x000000070e900000| Complete 
| 206|0x000000070ea00000, 0x000000070eb00000, 0x000000070eb00000|100%| E|CS|TAMS 0x000000070ea00000, 0x000000070ea00000| Complete 
| 207|0x000000070eb00000, 0x000000070ec00000, 0x000000070ec00000|100%| E|CS|TAMS 0x000000070eb00000, 0x000000070eb00000| Complete 
| 208|0x000000070ec00000, 0x000000070ed00000, 0x000000070ed00000|100%| E|CS|TAMS 0x000000070ec00000, 0x000000070ec00000| Complete 
| 209|0x000000070ed00000, 0x000000070ee00000, 0x000000070ee00000|100%| E|CS|TAMS 0x000000070ed00000, 0x000000070ed00000| Complete 
| 210|0x000000070ee00000, 0x000000070ef00000, 0x000000070ef00000|100%| E|CS|TAMS 0x000000070ee00000, 0x000000070ee00000| Complete 
| 211|0x000000070ef00000, 0x000000070f000000, 0x000000070f000000|100%| E|CS|TAMS 0x000000070ef00000, 0x000000070ef00000| Complete 
| 212|0x000000070f000000, 0x000000070f100000, 0x000000070f100000|100%| E|CS|TAMS 0x000000070f000000, 0x000000070f000000| Complete 
| 213|0x000000070f100000, 0x000000070f200000, 0x000000070f200000|100%| E|CS|TAMS 0x000000070f100000, 0x000000070f100000| Complete 
| 214|0x000000070f200000, 0x000000070f300000, 0x000000070f300000|100%| E|  |TAMS 0x000000070f200000, 0x000000070f200000| Complete 
| 215|0x000000070f300000, 0x000000070f400000, 0x000000070f400000|100%| E|CS|TAMS 0x000000070f300000, 0x000000070f300000| Complete 
| 216|0x000000070f400000, 0x000000070f500000, 0x000000070f500000|100%| E|CS|TAMS 0x000000070f400000, 0x000000070f400000| Complete 
| 217|0x000000070f500000, 0x000000070f600000, 0x000000070f600000|100%| E|CS|TAMS 0x000000070f500000, 0x000000070f500000| Complete 
| 218|0x000000070f600000, 0x000000070f700000, 0x000000070f700000|100%| E|CS|TAMS 0x000000070f600000, 0x000000070f600000| Complete 
| 219|0x000000070f700000, 0x000000070f800000, 0x000000070f800000|100%| E|CS|TAMS 0x000000070f700000, 0x000000070f700000| Complete 
| 220|0x000000070f800000, 0x000000070f900000, 0x000000070f900000|100%| E|CS|TAMS 0x000000070f800000, 0x000000070f800000| Complete 
| 221|0x000000070f900000, 0x000000070fa00000, 0x000000070fa00000|100%| E|CS|TAMS 0x000000070f900000, 0x000000070f900000| Complete 
| 222|0x000000070fa00000, 0x000000070fb00000, 0x000000070fb00000|100%| E|CS|TAMS 0x000000070fa00000, 0x000000070fa00000| Complete 
| 223|0x000000070fb00000, 0x000000070fc00000, 0x000000070fc00000|100%| E|CS|TAMS 0x000000070fb00000, 0x000000070fb00000| Complete 
| 224|0x000000070fc00000, 0x000000070fd00000, 0x000000070fd00000|100%| E|CS|TAMS 0x000000070fc00000, 0x000000070fc00000| Complete 
| 225|0x000000070fd00000, 0x000000070fe00000, 0x000000070fe00000|100%| E|CS|TAMS 0x000000070fd00000, 0x000000070fd00000| Complete 
| 226|0x000000070fe00000, 0x000000070ff00000, 0x000000070ff00000|100%| E|CS|TAMS 0x000000070fe00000, 0x000000070fe00000| Complete 
| 227|0x000000070ff00000, 0x0000000710000000, 0x0000000710000000|100%| E|CS|TAMS 0x000000070ff00000, 0x000000070ff00000| Complete 
| 228|0x0000000710000000, 0x0000000710100000, 0x0000000710100000|100%| E|CS|TAMS 0x0000000710000000, 0x0000000710000000| Complete 
| 229|0x0000000710100000, 0x0000000710200000, 0x0000000710200000|100%| S|CS|TAMS 0x0000000710100000, 0x0000000710100000| Complete 
| 230|0x0000000710200000, 0x0000000710300000, 0x0000000710300000|100%| S|CS|TAMS 0x0000000710200000, 0x0000000710200000| Complete 
| 231|0x0000000710300000, 0x0000000710400000, 0x0000000710400000|100%| S|CS|TAMS 0x0000000710300000, 0x0000000710300000| Complete 
| 232|0x0000000710400000, 0x0000000710500000, 0x0000000710500000|100%| E|CS|TAMS 0x0000000710400000, 0x0000000710400000| Complete 
| 233|0x0000000710500000, 0x0000000710600000, 0x0000000710600000|100%| E|CS|TAMS 0x0000000710500000, 0x0000000710500000| Complete 
| 234|0x0000000710600000, 0x0000000710700000, 0x0000000710700000|100%| E|CS|TAMS 0x0000000710600000, 0x0000000710600000| Complete 
| 235|0x0000000710700000, 0x0000000710800000, 0x0000000710800000|100%| E|CS|TAMS 0x0000000710700000, 0x0000000710700000| Complete 
| 236|0x0000000710800000, 0x0000000710900000, 0x0000000710900000|100%| E|CS|TAMS 0x0000000710800000, 0x0000000710800000| Complete 
| 237|0x0000000710900000, 0x0000000710a00000, 0x0000000710a00000|100%| E|CS|TAMS 0x0000000710900000, 0x0000000710900000| Complete 
| 238|0x0000000710a00000, 0x0000000710b00000, 0x0000000710b00000|100%| E|CS|TAMS 0x0000000710a00000, 0x0000000710a00000| Complete 
| 239|0x0000000710b00000, 0x0000000710c00000, 0x0000000710c00000|100%| E|CS|TAMS 0x0000000710b00000, 0x0000000710b00000| Complete 
| 240|0x0000000710c00000, 0x0000000710d00000, 0x0000000710d00000|100%| E|CS|TAMS 0x0000000710c00000, 0x0000000710c00000| Complete 
| 241|0x0000000710d00000, 0x0000000710e00000, 0x0000000710e00000|100%| E|CS|TAMS 0x0000000710d00000, 0x0000000710d00000| Complete 
| 242|0x0000000710e00000, 0x0000000710f00000, 0x0000000710f00000|100%| E|CS|TAMS 0x0000000710e00000, 0x0000000710e00000| Complete 
| 243|0x0000000710f00000, 0x0000000711000000, 0x0000000711000000|100%| E|CS|TAMS 0x0000000710f00000, 0x0000000710f00000| Complete 
| 244|0x0000000711000000, 0x0000000711100000, 0x0000000711100000|100%| E|CS|TAMS 0x0000000711000000, 0x0000000711000000| Complete 
| 245|0x0000000711100000, 0x0000000711200000, 0x0000000711200000|100%| E|CS|TAMS 0x0000000711100000, 0x0000000711100000| Complete 
| 246|0x0000000711200000, 0x0000000711300000, 0x0000000711300000|100%| E|CS|TAMS 0x0000000711200000, 0x0000000711200000| Complete 
| 247|0x0000000711300000, 0x0000000711400000, 0x0000000711400000|100%| E|CS|TAMS 0x0000000711300000, 0x0000000711300000| Complete 
| 248|0x0000000711400000, 0x0000000711500000, 0x0000000711500000|100%| E|CS|TAMS 0x0000000711400000, 0x0000000711400000| Complete 
| 249|0x0000000711500000, 0x0000000711600000, 0x0000000711600000|100%| E|CS|TAMS 0x0000000711500000, 0x0000000711500000| Complete 
| 250|0x0000000711600000, 0x0000000711700000, 0x0000000711700000|100%| E|CS|TAMS 0x0000000711600000, 0x0000000711600000| Complete 
| 251|0x0000000711700000, 0x0000000711800000, 0x0000000711800000|100%| E|CS|TAMS 0x0000000711700000, 0x0000000711700000| Complete 
| 252|0x0000000711800000, 0x0000000711900000, 0x0000000711900000|100%| E|CS|TAMS 0x0000000711800000, 0x0000000711800000| Complete 
| 253|0x0000000711900000, 0x0000000711a00000, 0x0000000711a00000|100%| E|CS|TAMS 0x0000000711900000, 0x0000000711900000| Complete 
| 254|0x0000000711a00000, 0x0000000711b00000, 0x0000000711b00000|100%| E|CS|TAMS 0x0000000711a00000, 0x0000000711a00000| Complete 
| 255|0x0000000711b00000, 0x0000000711c00000, 0x0000000711c00000|100%| E|CS|TAMS 0x0000000711b00000, 0x0000000711b00000| Complete 

Card table byte_map: [0x00000288a7a80000,0x00000288a8280000] _byte_map_base: 0x00000288a4272000

Marking Bits (Prev, Next): (CMBitMap*) 0x000002888f9bc078, (CMBitMap*) 0x000002888f9bc0b8
 Prev Bits: [0x00000288a8a80000, 0x00000288aca10000)
 Next Bits: [0x00000288aca10000, 0x00000288b09a0000)

Polling page: 0x000002888d850000

Metaspace:

Usage:
  Non-class:      5.90 MB capacity,     5.63 MB ( 95%) used,   257.43 KB (  4%) free+waste,    20.25 KB ( <1%) overhead. 
      Class:    925.00 KB capacity,   808.72 KB ( 87%) used,   104.34 KB ( 11%) free+waste,    11.94 KB (  1%) overhead. 
       Both:      6.80 MB capacity,     6.42 MB ( 94%) used,   361.77 KB (  5%) free+waste,    32.19 KB ( <1%) overhead. 

Virtual space:
  Non-class space:        8.00 MB reserved,       6.00 MB ( 75%) committed 
      Class space:        1.00 GB reserved,       1.00 MB ( <1%) committed 
             Both:        1.01 GB reserved,       7.00 MB ( <1%) committed 

Chunk freelists:
   Non-Class:  41.00 KB
       Class:  3.00 KB
        Both:  44.00 KB

MaxMetaspaceSize: 17179869184.00 GB
CompressedClassSpaceSize: 1.00 GB

CodeHeap 'non-profiled nmethods': size=238336Kb used=1992Kb max_used=1992Kb free=236344Kb
 bounds [0x0000028898570000, 0x00000288987e0000, 0x00000288a6e30000]
CodeHeap 'non-nmethods': size=7424Kb used=1183Kb max_used=1183Kb free=6240Kb
 bounds [0x0000028897e30000, 0x00000288980a0000, 0x0000028898570000]
 total_blobs=1995 nmethods=1283 adapters=367
 compilation: enabled
              stopped_count=0, restarted_count=0
 full_count=0

Compilation events (20 events):
Event: 0.815 Thread 0x00000288b3ddb000 nmethod 1274 0x000002889875ea10 code [0x000002889875ebe0, 0x000002889875ef00]
Event: 0.815 Thread 0x00000288b3ddb000 1275       1       java.util.LinkedList$ListItr::checkForComodification (23 bytes)
Event: 0.815 Thread 0x00000288b3ddb000 nmethod 1275 0x000002889875f090 code [0x000002889875f240, 0x000002889875f3f0]
Event: 0.815 Thread 0x00000288b3ddb000 1273       1       java.util.LinkedList::isPositionIndex (18 bytes)
Event: 0.815 Thread 0x00000288b3ddb000 nmethod 1273 0x000002889875f510 code [0x000002889875f6a0, 0x000002889875f7f8]
Event: 0.815 Thread 0x00000288b3ddb000 1276       1       java.util.LinkedList::node (65 bytes)
Event: 0.815 Thread 0x00000288b3ddb000 nmethod 1276 0x000002889875f890 code [0x000002889875fa40, 0x000002889875fbf8]
Event: 0.815 Thread 0x00000288b3ddb000 1278       1       java.util.LinkedList::add (32 bytes)
Event: 0.815 Thread 0x00000288b3ddb000 nmethod 1278 0x000002889875fd10 code [0x000002889875fee0, 0x0000028898760170]
Event: 0.815 Thread 0x00000288b3ddb000 1279       1       java.util.LinkedList::linkBefore (63 bytes)
Event: 0.815 Thread 0x00000288b3ddb000 nmethod 1279 0x0000028898760310 code [0x00000288987604c0, 0x00000288987608f8]
Event: 0.815 Thread 0x00000288b3ddb000 1277       1       sun.nio.fs.WindowsFileAttributes::fileKey (2 bytes)
Event: 0.815 Thread 0x00000288b3ddb000 nmethod 1277 0x0000028898760a10 code [0x0000028898760ba0, 0x0000028898760cd8]
Event: 0.820 Thread 0x00000288b3ddb000 1281       1       java.security.AccessController::checkContext (49 bytes)
Event: 0.820 Thread 0x00000288b3ddb000 nmethod 1281 0x0000028898761210 code [0x00000288987613e0, 0x0000028898761720]
Event: 0.822 Thread 0x00000288b3ddb000 1282       1       org.springframework.util.Assert::notNull (14 bytes)
Event: 0.822 Thread 0x00000288b3ddb000 nmethod 1282 0x0000028898761890 code [0x0000028898761a40, 0x0000028898761bb0]
Event: 0.822 Thread 0x00000288b3ddb000 1283       1       java.lang.Class::getInterfaces (6 bytes)
Event: 0.822 Thread 0x00000288b3ddb000 nmethod 1283 0x0000028898761c90 code [0x0000028898761e40, 0x0000028898761fb0]
Event: 0.825 Thread 0x00000288b3ddb000 1284       1       java.util.LinkedHashMap$LinkedKeyIterator::next (8 bytes)

GC Heap History (2 events):
Event: 0.704 GC heap before
{Heap before GC invocations=0 (full 0):
 garbage-first heap   total 262144K, used 24576K [0x0000000701c00000, 0x0000000800000000)
  region size 1024K, 24 young (24576K), 0 survivors (0K)
 Metaspace       used 5752K, capacity 6130K, committed 6272K, reserved 1056768K
  class space    used 703K, capacity 800K, committed 896K, reserved 1048576K
}
Event: 0.708 GC heap after
{Heap after GC invocations=1 (full 0):
 garbage-first heap   total 262144K, used 8142K [0x0000000701c00000, 0x0000000800000000)
  region size 1024K, 3 young (3072K), 3 survivors (3072K)
 Metaspace       used 5752K, capacity 6130K, committed 6272K, reserved 1056768K
  class space    used 703K, capacity 800K, committed 896K, reserved 1048576K
}

Deoptimization events (0 events):
No events

Classes unloaded (0 events):
No events

Classes redefined (0 events):
No events

Internal exceptions (13 events):
Event: 0.296 Thread 0x000002888f951800 Exception <a 'java/lang/NoSuchMethodError'{0x0000000711153bd0}: 'java.lang.Object java.lang.invoke.DirectMethodHandle$Holder.invokeStaticInit(java.lang.Object, java.lang.Object, java.lang.Object)'> (0x0000000711153bd0) 
thrown [t:/workspace/open/src/hotspot/share/interpreter/linkResolver.cpp, line 767]
Event: 0.299 Thread 0x000002888f951800 Exception <a 'java/lang/NoSuchMethodError'{0x000000071116cbb8}: 'int java.lang.invoke.DirectMethodHandle$Holder.invokeInterface(java.lang.Object, java.lang.Object)'> (0x000000071116cbb8) 
thrown [t:/workspace/open/src/hotspot/share/interpreter/linkResolver.cpp, line 767]
Event: 0.299 Thread 0x000002888f951800 Exception <a 'java/lang/IncompatibleClassChangeError'{0x000000071116f6c0}: Found class java.lang.Object, but interface was expected> (0x000000071116f6c0) 
thrown [t:/workspace/open/src/hotspot/share/interpreter/linkResolver.cpp, line 833]
Event: 0.377 Thread 0x000002888f951800 Exception <a 'java/lang/NoSuchMethodError'{0x0000000710f99678}: 'int java.lang.invoke.DirectMethodHandle$Holder.invokeSpecialIFC(java.lang.Object, java.lang.Object, java.lang.Object)'> (0x0000000710f99678) 
thrown [t:/workspace/open/src/hotspot/share/interpreter/linkResolver.cpp, line 767]
Event: 0.392 Thread 0x000002888f951800 Exception <a 'java/lang/NoSuchMethodError'{0x0000000710ff30d8}: 'java.lang.Object java.lang.invoke.DirectMethodHandle$Holder.invokeStaticInit(java.lang.Object, int, int, int, int)'> (0x0000000710ff30d8) 
thrown [t:/workspace/open/src/hotspot/share/interpreter/linkResolver.cpp, line 767]
Event: 0.571 Thread 0x000002888f951800 Exception <a 'java/lang/NoSuchMethodError'{0x0000000710ebfb40}: 'java.lang.Object java.lang.invoke.DirectMethodHandle$Holder.invokeStaticInit(java.lang.Object, java.lang.Object, int, int, int, int)'> (0x0000000710ebfb40) 
thrown [t:/workspace/open/src/hotspot/share/interpreter/linkResolver.cpp, line 767]
Event: 0.580 Thread 0x000002888f951800 Exception <a 'java/lang/ClassNotFoundException'{0x0000000710edbe00}: javax/management/remote/rmi/RMIServerImpl_Skel> (0x0000000710edbe00) 
thrown [t:/workspace/open/src/hotspot/share/classfile/systemDictionary.cpp, line 232]
Event: 0.619 Thread 0x000002888f951800 Exception <a 'java/lang/ClassNotFoundException'{0x0000000710b77808}: javax/smartcardio/CardPermission> (0x0000000710b77808) 
thrown [t:/workspace/open/src/hotspot/share/classfile/systemDictionary.cpp, line 232]
Event: 0.621 Thread 0x000002888f951800 Exception <a 'java/io/FileNotFoundException'{0x0000000710b86958}> (0x0000000710b86958) 
thrown [t:/workspace/open/src/hotspot/share/prims/jni.cpp, line 598]
Event: 0.691 Thread 0x000002888f951800 Exception <a 'java/lang/NoSuchMethodError'{0x00000007105a6e20}: 'int java.lang.invoke.DirectMethodHandle$Holder.invokeStaticInit(java.lang.Object, java.lang.Object)'> (0x00000007105a6e20) 
thrown [t:/workspace/open/src/hotspot/share/interpreter/linkResolver.cpp, line 767]
Event: 0.725 Thread 0x000002888f951800 Exception <a 'java/lang/NoSuchMethodError'{0x0000000711933c20}: 'int java.lang.invoke.DirectMethodHandle$Holder.invokeStaticInit(java.lang.Object, java.lang.Object, java.lang.Object)'> (0x0000000711933c20) 
thrown [t:/workspace/open/src/hotspot/share/interpreter/linkResolver.cpp, line 767]
Event: 0.727 Thread 0x000002888f951800 Exception <a 'java/lang/NoSuchMethodError'{0x000000071196dfb8}: 'java.lang.Object java.lang.invoke.DirectMethodHandle$Holder.invokeVirtual(java.lang.Object, java.lang.Object, java.lang.Object)'> (0x000000071196dfb8) 
thrown [t:/workspace/open/src/hotspot/share/interpreter/linkResolver.cpp, line 767]
Event: 0.730 Thread 0x000002888f951800 Exception <a 'java/lang/NoSuchMethodError'{0x00000007119bc7a8}: 'void java.lang.invoke.DirectMethodHandle$Holder.invokeSpecial(java.lang.Object, java.lang.Object)'> (0x00000007119bc7a8) 
thrown [t:/workspace/open/src/hotspot/share/interpreter/linkResolver.cpp, line 767]

Events (20 events):
Event: 0.822 Executing VM operation: RevokeBias done
Event: 0.823 Executing VM operation: RevokeBias
Event: 0.823 Executing VM operation: RevokeBias done
Event: 0.823 loading class org/springframework/boot/devtools/logger/DevToolsLogFactory/Listener
Event: 0.823 loading class org/springframework/boot/devtools/logger/DevToolsLogFactory/Listener done
Event: 0.823 Executing VM operation: RevokeBias
Event: 0.823 Executing VM operation: RevokeBias done
Event: 0.823 Executing VM operation: RevokeBias
Event: 0.823 Executing VM operation: RevokeBias done
Event: 0.823 Executing VM operation: BulkRevokeBias
Event: 0.823 Executing VM operation: BulkRevokeBias done
Event: 0.824 Executing VM operation: RevokeBias
Event: 0.824 Executing VM operation: RevokeBias done
Event: 0.824 Executing VM operation: RevokeBias
Event: 0.824 Executing VM operation: RevokeBias done
Event: 0.824 Executing VM operation: RevokeBias
Event: 0.824 Executing VM operation: RevokeBias done
Event: 0.825 Executing VM operation: RevokeBias
Event: 0.825 Executing VM operation: RevokeBias done
Event: 0.826 Executing VM operation: RevokeBias


Dynamic libraries:
0x00007ff72f5b0000 - 0x00007ff72f5bf000 	C:\Program Files\Java\jdk-13.0.2\bin\java.exe
0x00007ffa2bc40000 - 0x00007ffa2be30000 	C:\WINDOWS\SYSTEM32\ntdll.dll
0x00007ffa2aba0000 - 0x00007ffa2ac52000 	C:\WINDOWS\System32\KERNEL32.DLL
0x00007ffa298a0000 - 0x00007ffa29b44000 	C:\WINDOWS\System32\KERNELBASE.dll
0x00007ffa297a0000 - 0x00007ffa2989a000 	C:\WINDOWS\System32\ucrtbase.dll
0x00007ffa0c8b0000 - 0x00007ffa0c8c5000 	C:\Program Files\Java\jdk-13.0.2\bin\VCRUNTIME140.dll
0x00007ffa0c420000 - 0x00007ffa0c438000 	C:\Program Files\Java\jdk-13.0.2\bin\jli.dll
0x00007ffa2b1b0000 - 0x00007ffa2b253000 	C:\WINDOWS\System32\ADVAPI32.dll
0x00007ffa2a9a0000 - 0x00007ffa2aa3e000 	C:\WINDOWS\System32\msvcrt.dll
0x00007ffa2b260000 - 0x00007ffa2b2f7000 	C:\WINDOWS\System32\sechost.dll
0x00007ffa2b8c0000 - 0x00007ffa2b9e0000 	C:\WINDOWS\System32\RPCRT4.dll
0x00007ffa2b9e0000 - 0x00007ffa2bb74000 	C:\WINDOWS\System32\USER32.dll
0x00007ffa29b50000 - 0x00007ffa29b71000 	C:\WINDOWS\System32\win32u.dll
0x00007ffa0ce10000 - 0x00007ffa0d094000 	C:\WINDOWS\WinSxS\amd64_microsoft.windows.common-controls_6595b64144ccf1df_6.0.18362.900_none_e6beb9d913147d17\COMCTL32.dll
0x00007ffa2b420000 - 0x00007ffa2b446000 	C:\WINDOWS\System32\GDI32.dll
0x00007ffa2acc0000 - 0x00007ffa2aff5000 	C:\WINDOWS\System32\combase.dll
0x00007ffa28d40000 - 0x00007ffa28ed5000 	C:\WINDOWS\System32\gdi32full.dll
0x00007ffa29b80000 - 0x00007ffa29c00000 	C:\WINDOWS\System32\bcryptPrimitives.dll
0x00007ffa29c00000 - 0x00007ffa29c9e000 	C:\WINDOWS\System32\msvcp_win.dll
0x00007ffa24730000 - 0x00007ffa2473a000 	C:\WINDOWS\SYSTEM32\VERSION.dll
0x00007ffa2a7a0000 - 0x00007ffa2a7ce000 	C:\WINDOWS\System32\IMM32.DLL
0x00007ff9f52a0000 - 0x00007ff9f533b000 	C:\Program Files\Java\jdk-13.0.2\bin\msvcp140.dll
0x00007ff9da0e0000 - 0x00007ff9dac3d000 	C:\Program Files\Java\jdk-13.0.2\bin\server\jvm.dll
0x00007ffa2a910000 - 0x00007ffa2a918000 	C:\WINDOWS\System32\PSAPI.DLL
0x00007ffa1d180000 - 0x00007ffa1d189000 	C:\WINDOWS\SYSTEM32\WSOCK32.dll
0x00007ffa1f7c0000 - 0x00007ffa1f7e4000 	C:\WINDOWS\SYSTEM32\WINMM.dll
0x00007ffa2b300000 - 0x00007ffa2b36f000 	C:\WINDOWS\System32\WS2_32.dll
0x00007ffa1f790000 - 0x00007ffa1f7bd000 	C:\WINDOWS\SYSTEM32\winmmbase.dll
0x00007ffa29ca0000 - 0x00007ffa29cea000 	C:\WINDOWS\System32\cfgmgr32.dll
0x00007ffa28b30000 - 0x00007ffa28b41000 	C:\WINDOWS\System32\kernel.appcore.dll
0x00007ffa16040000 - 0x00007ffa16050000 	C:\Program Files\Java\jdk-13.0.2\bin\verify.dll
0x00007ffa273e0000 - 0x00007ffa275d4000 	C:\WINDOWS\SYSTEM32\DBGHELP.DLL
0x00007ffa20f00000 - 0x00007ffa20f2a000 	C:\WINDOWS\SYSTEM32\dbgcore.DLL
0x00007ffa0b100000 - 0x00007ffa0b126000 	C:\Program Files\Java\jdk-13.0.2\bin\java.dll
0x00007ffa15960000 - 0x00007ffa1596e000 	C:\Program Files\Java\jdk-13.0.2\bin\instrument.dll
0x00007ff9fa2e0000 - 0x00007ff9fa2f7000 	C:\Program Files\Java\jdk-13.0.2\bin\zip.dll
0x00007ffa14c90000 - 0x00007ffa14c9a000 	C:\Program Files\Java\jdk-13.0.2\bin\jimage.dll
0x00007ffa2a0b0000 - 0x00007ffa2a796000 	C:\WINDOWS\System32\SHELL32.dll
0x00007ffa2b370000 - 0x00007ffa2b419000 	C:\WINDOWS\System32\shcore.dll
0x00007ffa28f40000 - 0x00007ffa296c0000 	C:\WINDOWS\System32\windows.storage.dll
0x00007ffa28b50000 - 0x00007ffa28b73000 	C:\WINDOWS\System32\profapi.dll
0x00007ffa28b80000 - 0x00007ffa28bca000 	C:\WINDOWS\System32\powrprof.dll
0x00007ffa28b00000 - 0x00007ffa28b10000 	C:\WINDOWS\System32\UMPDC.dll
0x00007ffa29d00000 - 0x00007ffa29d52000 	C:\WINDOWS\System32\shlwapi.dll
0x00007ffa28bd0000 - 0x00007ffa28be7000 	C:\WINDOWS\System32\cryptsp.dll
0x00007ff9f7a00000 - 0x00007ff9f7a19000 	C:\Program Files\Java\jdk-13.0.2\bin\net.dll
0x00007ffa1f180000 - 0x00007ffa1f270000 	C:\WINDOWS\SYSTEM32\WINHTTP.dll
0x00007ffa28370000 - 0x00007ffa283d7000 	C:\WINDOWS\system32\mswsock.dll
0x00007ff9f78c0000 - 0x00007ff9f78d3000 	C:\Program Files\Java\jdk-13.0.2\bin\nio.dll
0x00007ff9f7390000 - 0x00007ff9f73aa000 	C:\Program Files\JetBrains\IntelliJ IDEA 2019.3.3\bin\breakgen64.dll
0x00007ffa280c0000 - 0x00007ffa2818b000 	C:\WINDOWS\SYSTEM32\DNSAPI.dll
0x00007ffa29cf0000 - 0x00007ffa29cf8000 	C:\WINDOWS\System32\NSI.dll
0x00007ffa28080000 - 0x00007ffa280ba000 	C:\WINDOWS\SYSTEM32\IPHLPAPI.DLL
0x00007ffa22d20000 - 0x00007ffa22d2a000 	C:\Windows\System32\rasadhlp.dll
0x00007ffa207d0000 - 0x00007ffa20847000 	C:\WINDOWS\System32\fwpuclnt.dll
0x00007ffa29770000 - 0x00007ffa29796000 	C:\WINDOWS\System32\bcrypt.dll
0x00007ffa0c650000 - 0x00007ffa0c659000 	C:\Program Files\Java\jdk-13.0.2\bin\management.dll
0x00007ffa0b680000 - 0x00007ffa0b68b000 	C:\Program Files\Java\jdk-13.0.2\bin\management_ext.dll
0x00007ffa27ee0000 - 0x00007ffa27f13000 	C:\WINDOWS\system32\rsaenh.dll
0x00007ffa28a20000 - 0x00007ffa28a45000 	C:\WINDOWS\SYSTEM32\USERENV.dll
0x00007ffa28540000 - 0x00007ffa2854c000 	C:\WINDOWS\SYSTEM32\CRYPTBASE.dll
0x00007ffa20870000 - 0x00007ffa20886000 	C:\WINDOWS\SYSTEM32\dhcpcsvc6.DLL
0x00007ffa22080000 - 0x00007ffa2209c000 	C:\WINDOWS\SYSTEM32\dhcpcsvc.DLL
0x00007ffa0a840000 - 0x00007ffa0a856000 	C:\WINDOWS\system32\napinsp.dll
0x00007ffa095e0000 - 0x00007ffa095fa000 	C:\WINDOWS\system32\pnrpnsp.dll
0x00007ffa1c1b0000 - 0x00007ffa1c1be000 	C:\WINDOWS\System32\winrnr.dll
0x00007ffa22d40000 - 0x00007ffa22d5c000 	C:\WINDOWS\system32\NLAapi.dll
0x00007ffa23e70000 - 0x00007ffa23e85000 	C:\WINDOWS\system32\wshbth.dll

dbghelp: loaded successfully - version: 4.0.5 - missing functions: none
symbol engine: initialized successfully - sym options: 0x614 - pdb path: .;C:\Program Files\Java\jdk-13.0.2\bin;C:\WINDOWS\SYSTEM32;C:\WINDOWS\WinSxS\amd64_microsoft.windows.common-controls_6595b64144ccf1df_6.0.18362.900_none_e6beb9d913147d17;C:\Program Files\Java\jdk-13.0.2\bin\server;C:\Program Files\JetBrains\IntelliJ IDEA 2019.3.3\bin

VM Arguments:
jvm_args: -XX:TieredStopAtLevel=1 -Xverify:none -Dspring.output.ansi.enabled=always -Dcom.sun.management.jmxremote -Dspring.jmx.enabled=true -Dspring.liveBeansView.mbeanDomain -Dspring.application.admin.enabled=true -javaagent:C:\Program Files\JetBrains\IntelliJ IDEA 2019.3.3\lib\idea_rt.jar=1405:C:\Program Files\JetBrains\IntelliJ IDEA 2019.3.3\bin -Dfile.encoding=UTF-8 
java_command: com.space.datahub.DatahubApplication
java_class_path (initial): C:\Users\666\IdeaProjects\datahub_back\build\classes\java\main;C:\Users\666\IdeaProjects\datahub_back\build\resources\main;C:\Users\666\.gradle\caches\modules-2\files-2.1\org.springframework.boot\spring-boot-starter-data-jpa\2.2.5.RELEASE\fee4ad485421916aa5529c209f882fd180a1cf93\spring-boot-starter-data-jpa-2.2.5.RELEASE.jar;C:\Users\666\.gradle\caches\modules-2\files-2.1\org.springframework.boot\spring-boot-starter-mail\1.2.0.RELEASE\4f06890a34955556b428d6f42695fcd117ea27f\spring-boot-starter-mail-1.2.0.RELEASE.jar;C:\Users\666\.gradle\caches\modules-2\files-2.1\org.projectlombok\lombok\1.18.12\48e4e5d60309ebd833bc528dcf77668eab3cd72c\lombok-1.18.12.jar;C:\Users\666\.gradle\caches\modules-2\files-2.1\javax.xml.bind\jaxb-api\2.3.1\8531ad5ac454cc2deb9d4d32c40c4d7451939b5d\jaxb-api-2.3.1.jar;C:\Users\666\.gradle\caches\modules-2\files-2.1\org.springframework.boot\spring-boot-starter-thymeleaf\2.2.5.RELEASE\4022d870c07c0963e9f5542d01ec2aebaace7634\spring-boot-starter-thymeleaf-2.2.5.RELEASE.jar;C:\Users\666\.gradle\caches\modules-2\files-2.1\org.postgresql\postgresql\42.2.10\338af492789fd198dbd52735a22b1946030ecc96\postgresql-42.2.10.jar;C:\Users\666\.gradle\caches\modules-2\files-2.1\org.springframework.boot\spring-boot-starter-security\2.2.5.RELEASE\cbfba435fa8fd82d82cca2ac57dcf8ed326da274\spring-boot-starter-security-2.2.5.RELEASE.jar;C:\Users\666\.gradle\caches\modules-2\files-2.1\org.springframework.boot\spring-boot-starter-web\2.2.5.RELEASE\c84df617eb302ea502af8b37406df13f1fe6669b\spring-boot-starter-web-2.2.5.RELEASE.jar;C:\Users\666\.gradle\caches\modules-2\files-2.1\org.springframework.boot\spring-boot-devtools\2.2.5.RELEASE\43d986a4f295434b37b99703de9852e8c914d299\spring-boot-devtools-2.2.5.RELEASE.jar;C:\Users\666\.gradle\caches\modules-2\files-2.1\org.springframework.boot\spring-boot-starter-test\2.2.5.RELEASE\fade3275bb7ba0b17370767fe89cb4895f2289a3\spring-boot-starter-test-2.2.5.RELEASE.jar;C:\Users\666\.gradle\caches\modules-
Launcher Type: SUN_STANDARD

[Global flags]
     intx CICompilerCount                          = 4                                         {product} {ergonomic}
     uint ConcGCThreads                            = 2                                         {product} {ergonomic}
     uint G1ConcRefinementThreads                  = 8                                         {product} {ergonomic}
   size_t G1HeapRegionSize                         = 1048576                                   {product} {ergonomic}
    uintx GCDrainStackTargetSize                   = 64                                        {product} {ergonomic}
   size_t InitialHeapSize                          = 268435456                                 {product} {ergonomic}
     bool ManagementServer                         = true                                      {product} {command line}
   size_t MarkStackSize                            = 4194304                                   {product} {ergonomic}
   size_t MaxHeapSize                              = 4265607168                                {product} {ergonomic}
   size_t MaxNewSize                               = 2558525440                                {product} {ergonomic}
   size_t MinHeapDeltaBytes                        = 1048576                                   {product} {ergonomic}
   size_t MinHeapSize                              = 8388608                                   {product} {ergonomic}
    uintx NonNMethodCodeHeapSize                   = 7549744                                {pd product} {ergonomic}
    uintx NonProfiledCodeHeapSize                  = 244108496                              {pd product} {ergonomic}
    uintx ProfiledCodeHeapSize                     = 0                                      {pd product} {ergonomic}
    uintx ReservedCodeCacheSize                    = 251658240                              {pd product} {ergonomic}
     bool SegmentedCodeCache                       = true                                      {product} {ergonomic}
   size_t SoftMaxHeapSize                          = 4265607168                             {manageable} {ergonomic}
     intx TieredStopAtLevel                        = 1                                         {product} {command line}
     bool UseCompressedClassPointers               = true                                 {lp64_product} {ergonomic}
     bool UseCompressedOops                        = true                                 {lp64_product} {ergonomic}
     bool UseG1GC                                  = true                                      {product} {ergonomic}
     bool UseLargePagesIndividualAllocation        = false                                  {pd product} {ergonomic}

Logging:
Log output configuration:
 #0: stdout all=warning uptime,level,tags
 #1: stderr all=off uptime,level,tags

Environment Variables:
PATH=C:\Program Files (x86)\Common Files\Oracle\Java\javapath;C:\Windows\system32;C:\Windows;C:\Windows\System32\Wbem;C:\Windows\System32\WindowsPowerShell\v1.0\;C:\Windows\System32\OpenSSH\;C:\Program Files\Intel\WiFi\bin\;C:\Program Files\Common Files\Intel\WirelessCommon\;C:\Program Files (x86)\NVIDIA Corporation\PhysX\Common;C:\Program Files\NVIDIA Corporation\NVIDIA NvDLISR;C:\Program Files\Microsoft SQL Server\Client SDK\ODBC\170\Tools\Binn\;C:\Program Files (x86)\Microsoft SQL Server\150\Tools\Binn\;C:\Program Files\Microsoft SQL Server\150\Tools\Binn\;C:\Program Files\Microsoft SQL Server\150\DTS\Binn\;C:\Program Files\Git\cmd;C:\Program Files\PostgreSQL\12\bin;C:\Program Files\PostgreSQL\12\lib;C:\Users\666\Desktop\apache-maven-3.6.3\bin;;C:\WINDOWS\system32;C:\WINDOWS;C:\WINDOWS\System32\Wbem;C:\WINDOWS\System32\WindowsPowerShell\v1.0\;C:\WINDOWS\System32\OpenSSH\;C:\Program Files\dotnet\;C:\Users\666\AppData\Local\Microsoft\WindowsApps;;C:\Users\666\AppData\Local\Programs\Microsoft VS Code\bin;C:\Users\666\.dotnet\tools
USERNAME=666
OS=Windows_NT
PROCESSOR_IDENTIFIER=Intel64 Family 6 Model 158 Stepping 9, GenuineIntel



---------------  S Y S T E M  ---------------

OS: Windows 10 , 64 bit Build 18362 (10.0.18362.900)

CPU:total 8 (initial active 8) (4 cores per cpu, 2 threads per core) family 6 model 158 stepping 9, cmov, cx8, fxsr, mmx, sse, sse2, sse3, ssse3, sse4.1, sse4.2, popcnt, avx, avx2, aes, clmul, erms, 3dnowpref, lzcnt, ht, tsc, tscinvbit, bmi1, bmi2, adx, fma

Memory: 4k page, system-wide physical 16268M (9255M free)
TotalPageFile size 18700M (AvailPageFile size 9201M)
current process WorkingSet (physical memory assigned to process): 105M, peak: 105M
current process commit charge ("private bytes"): 358M, peak: 358M

vm_info: Java HotSpot(TM) 64-Bit Server VM (13.0.2+8) for windows-amd64 JRE (13.0.2+8), built on Dec 11 2019 09:20:33 by "mach5one" with unknown MS VC++:1916

END.
