#
# A fatal error has been detected by the Java Runtime Environment:
#
#  EXCEPTION_ACCESS_VIOLATION (0xc0000005) at pc=0x00007ff9e98babcc, pid=4460, tid=14008
#
# JRE version: Java(TM) SE Runtime Environment (13.0.2+8) (build 13.0.2+8)
# Java VM: Java HotSpot(TM) 64-Bit Server VM (13.0.2+8, mixed mode, sharing, tiered, compressed oops, g1 gc, windows-amd64)
# Problematic frame:
# V  [jvm.dll+0x1babcc]
#
# No core dump will be written. Minidumps are not enabled by default on client versions of Windows
#
# If you would like to submit a bug report, please visit:
#   http://bugreport.java.com/bugreport/crash.jsp
#

---------------  S U M M A R Y ------------

Command Line: -XX:TieredStopAtLevel=1 -Xverify:none -Dspring.output.ansi.enabled=always -Dcom.sun.management.jmxremote -Dspring.jmx.enabled=true -Dspring.liveBeansView.mbeanDomain -Dspring.application.admin.enabled=true -javaagent:C:\Program Files\JetBrains\IntelliJ IDEA 2019.3.3\lib\idea_rt.jar=4420:C:\Program Files\JetBrains\IntelliJ IDEA 2019.3.3\bin -Dfile.encoding=UTF-8 com.space.datahub.DatahubApplication

Host: Intel(R) Core(TM) i7-7700HQ CPU @ 2.80GHz, 8 cores, 15G,  Windows 10 , 64 bit Build 18362 (10.0.18362.900)
Time: Sun Jun 14 20:45:56 2020 Oaio?aeuiiaa?iiaeneee (eaoi) elapsed time: 19 seconds (0d 0h 0m 19s)

---------------  T H R E A D  ---------------

Current thread (0x000001f0c3045000):  JavaThread "C1 CompilerThread0" daemon [_thread_in_native_trans, id=14008, stack(0x00000034ecd00000,0x00000034ece00000)]


Current CompileTask:
C1:  19465 5796       1       org.springframework.boot.devtools.filewatch.FolderSnapshot::collectFiles (99 bytes)

Stack: [0x00000034ecd00000,0x00000034ece00000],  sp=0x00000034ecdfe6e0,  free space=1017k
Native frames: (J=compiled Java code, j=interpreted, Vv=VM code, C=native code)
V  [jvm.dll+0x1babcc]
V  [jvm.dll+0x1338a6]
V  [jvm.dll+0x13639d]
V  [jvm.dll+0x1348c4]
V  [jvm.dll+0x12e3f8]
V  [jvm.dll+0x13e4b7]
V  [jvm.dll+0x1295d9]
V  [jvm.dll+0x129950]
V  [jvm.dll+0x129c0f]
V  [jvm.dll+0x128ea7]
V  [jvm.dll+0x12adc7]
V  [jvm.dll+0x213e6d]
V  [jvm.dll+0x2120bb]
V  [jvm.dll+0x736bb6]
V  [jvm.dll+0x72fcaa]
V  [jvm.dll+0x623ea6]
C  [ucrtbase.dll+0x20e82]
C  [KERNEL32.DLL+0x17bd4]
C  [ntdll.dll+0x6ce51]


siginfo: EXCEPTION_ACCESS_VIOLATION (0xc0000005), reading address 0xffffffffffffffff


Register to memory mapping:

RIP=0x00007ff9e98babcc jvm.dll
RAX=0x000001f0a70b109e is at begin+0 in a stub
StubRoutines::orderaccess_fence [0x000001f0a70b109e, 0x000001f0a70b10a5] (7 bytes)
RBX=0x000001f0c4721631 points into unknown readable memory: b6 0f 00 4e 2d c6 00
RCX=0x000001f0c3045000 is a thread
RDX=0x0000000000000003 is an unknown value
RSP=0x00000034ecdfe6e0 is pointing into the stack for thread: 0x000001f0c3045000
RBP=0x00000000000000b6 is an unknown value
RSI=0x00000034ecdfe810 is pointing into the stack for thread: 0x000001f0c3045000
RDI=0x000001f0c3045000 is a thread
R8 =0x00007ff9e9fd6f80 jvm.dll
R9 =0x0000000000000002 is an unknown value
R10=0x000001f0c303cb30 points into unknown readable memory: 01 00 00 00 1e 00 00 00
R11=0x000001f0c83d7e98 is pointing into metadata
R12=0x0 is NULL
R13=0x0 is NULL
R14=0x000001f0c303ced8 points into unknown readable memory: 00 50 04 c3 f0 01 00 00
R15=0x00000000000000b6 is an unknown value


Registers:
RAX=0x000001f0a70b109e, RBX=0x000001f0c4721631, RCX=0x000001f0c3045000, RDX=0x0000000000000003
RSP=0x00000034ecdfe6e0, RBP=0x00000000000000b6, RSI=0x00000034ecdfe810, RDI=0x000001f0c3045000
R8 =0x00007ff9e9fd6f80, R9 =0x0000000000000002, R10=0x000001f0c303cb30, R11=0x000001f0c83d7e98
R12=0x0000000000000000, R13=0x0000000000000000, R14=0x000001f0c303ced8, R15=0x00000000000000b6
RIP=0x00007ff9e98babcc, EFLAGS=0x0000000000010246

Top of Stack: (sp=0x00000034ecdfe6e0)
0x00000034ecdfe6e0:   00000034ecdfea50 00000000000000b6
0x00000034ecdfe6f0:   000001f0c4720670 0000000000000000
0x00000034ecdfe700:   000001f0c83d7e98 000001f0c3045000
0x00000034ecdfe710:   00000000000000b6 0000000000000000
0x00000034ecdfe720:   0000000000000000 00000034ecdfea50
0x00000034ecdfe730:   000001f0c4722ed0 00007ff9e98338a6
0x00000034ecdfe740:   000001f0c83d7e98 000001f0c4721631
0x00000034ecdfe750:   000001f0c4721631 000001f0c4720720
0x00000034ecdfe760:   00000034ecdfe880 00007ff9e9837e0f
0x00000034ecdfe770:   000001f0c47453f0 0000000000000008
0x00000034ecdfe780:   00000034ecdfe901 00000034ecdfe7f9
0x00000034ecdfe790:   0000000000000001 0000000000000000
0x00000034ecdfe7a0:   0000000000000001 000001f0c4722fb0
0x00000034ecdfe7b0:   00000000000000b6 0000000000000000
0x00000034ecdfe7c0:   0000000000000000 0000000000000000
0x00000034ecdfe7d0:   0000000000000000 00000034ecdfea50 

Instructions: (pc=0x00007ff9e98babcc)
0x00007ff9e98baacc:   8b 83 08 01 00 00 c0 e8 03 a8 01 74 08 48 8b cb
0x00007ff9e98baadc:   e8 ff 20 4d 00 48 8b 7c 24 40 48 8b c6 48 8b 74
0x00007ff9e98baaec:   24 38 c7 83 88 03 00 00 04 00 00 00 48 8b 5c 24
0x00007ff9e98baafc:   30 48 83 c4 20 41 5e c3 cc cc cc cc cc cc cc cc
0x00007ff9e98bab0c:   cc cc cc cc 48 83 ec 28 8b 41 40 83 f8 12 74 30
0x00007ff9e98bab1c:   83 c0 ed 83 f8 01 77 0b 33 d2 48 83 c4 28 e9 81
0x00007ff9e98bab2c:   08 f5 ff ba cf 00 00 00 48 8d 0d ed b1 69 00 e8
0x00007ff9e98bab3c:   90 12 09 00 e8 ab 9f 46 00 33 c0 48 83 c4 28 c3
0x00007ff9e98bab4c:   48 89 5c 24 20 48 8b 59 10 80 3b ca 75 0a 48 8b
0x00007ff9e98bab5c:   d3 33 c9 e8 dc 8d f6 ff 0f b6 43 01 48 8b 5c 24
0x00007ff9e98bab6c:   20 48 83 c4 28 c3 cc cc cc cc cc cc cc cc cc cc
0x00007ff9e98bab7c:   cc cc cc cc 48 89 5c 24 18 56 57 41 56 48 83 ec
0x00007ff9e98bab8c:   40 8b 15 01 ac 90 00 48 8b f1 65 48 8b 04 25 58
0x00007ff9e98bab9c:   00 00 00 b9 08 00 00 00 4c 8b 34 d0 4c 03 f1 49
0x00007ff9e98babac:   8b 3e c7 87 88 03 00 00 05 00 00 00 e8 93 bf 45
0x00007ff9e98babbc:   00 83 3d 3c 9f 8d 00 01 75 1b 48 8b 07 48 8b cf
0x00007ff9e98babcc:   ff 50 38 84 c0 74 0e 48 8b 87 08 01 00 00 c0 e8
0x00007ff9e98babdc:   03 24 01 eb 0b 8b 05 69 9a 8d 00 85 c0 0f 95 c0
0x00007ff9e98babec:   84 c0 75 0d 8b 87 d8 00 00 00 a9 04 00 00 20 74
0x00007ff9e98babfc:   08 48 8b cf e8 4b 56 57 00 c7 87 88 03 00 00 06
0x00007ff9e98bac0c:   00 00 00 48 8b 06 48 8b 48 10 48 8b 41 08 48 8b
0x00007ff9e98bac1c:   50 08 48 89 54 24 30 48 c7 44 24 38 00 00 00 00
0x00007ff9e98bac2c:   48 85 d2 74 1e 49 8b 0e 48 89 4c 24 38 48 89 54
0x00007ff9e98bac3c:   24 68 48 8d 54 24 68 48 8b 89 78 02 00 00 e8 d1
0x00007ff9e98bac4c:   11 e5 ff 81 7e 40 ba 00 00 00 75 25 b9 ea 00 00
0x00007ff9e98bac5c:   00 e8 9e ee ff ff 49 8b 0e 45 33 c9 48 8b 56 08
0x00007ff9e98bac6c:   4c 8b c0 48 8b 89 a8 04 00 00 e8 65 b2 fe ff eb
0x00007ff9e98bac7c:   49 48 8b 06 48 8b 48 10 48 8b 41 08 48 8b ce 48
0x00007ff9e98bac8c:   8b 58 08 e8 8c 09 00 00 45 33 c0 8b d0 48 8b cb
0x00007ff9e98bac9c:   e8 4f a6 08 00 48 8b 56 08 4c 8d 4c 24 60 49 8b
0x00007ff9e98bacac:   0e 44 8b c0 48 89 54 24 20 48 8d 54 24 30 48 8b
0x00007ff9e98bacbc:   89 a8 04 00 00 e8 9a ae fe ff 48 8d 4c 24 30 48 


Stack slot to memory mapping:
stack at sp + 0 slots: 0x00000034ecdfea50 is pointing into the stack for thread: 0x000001f0c3045000
stack at sp + 1 slots: 0x00000000000000b6 is an unknown value
stack at sp + 2 slots: 0x000001f0c4720670 points into unknown readable memory: d0 3d f5 e9 f9 7f 00 00
stack at sp + 3 slots: 0x0 is NULL
stack at sp + 4 slots: 0x000001f0c83d7e98 is pointing into metadata
stack at sp + 5 slots: 0x000001f0c3045000 is a thread
stack at sp + 6 slots: 0x00000000000000b6 is an unknown value
stack at sp + 7 slots: 0x0 is NULL


---------------  P R O C E S S  ---------------

Threads class SMR info:
_java_thread_list=0x000001f0c6df3fa0, length=33, elements={
0x000001f0c279a000, 0x000001f0c279c000, 0x000001f0c3042000, 0x000001f0c3043000,
0x000001f0c3045000, 0x000001f0c306b800, 0x000001f0c312b000, 0x000001f0c339c800,
0x000001f0c339d800, 0x000001f0c3767000, 0x000001f0c3b8e800, 0x000001f0c4177800,
0x000001f0c4e88800, 0x000001f0c4f49800, 0x000001f0c4f4a000, 0x000001f0c4ea2800,
0x000001f0c6869000, 0x000001f0c6869800, 0x000001f0c6867800, 0x000001f0c6868000,
0x000001f0c686a800, 0x000001f0c686b800, 0x000001f0c686c000, 0x000001f0c6866800,
0x000001f0c686d000, 0x000001f0c6dd1800, 0x000001f0c6dd8000, 0x000001f0c6dd2000,
0x000001f0c6dd4000, 0x000001f0c6dd6000, 0x000001f0c6dd8800, 0x000001f0c6dd4800,
0x000001f0c6dd3000
}

Java Threads: ( => current thread )
  0x000001f0c279a000 JavaThread "Reference Handler" daemon [_thread_blocked, id=8064, stack(0x00000034ec900000,0x00000034eca00000)]
  0x000001f0c279c000 JavaThread "Finalizer" daemon [_thread_blocked, id=2420, stack(0x00000034eca00000,0x00000034ecb00000)]
  0x000001f0c3042000 JavaThread "Signal Dispatcher" daemon [_thread_blocked, id=440, stack(0x00000034ecb00000,0x00000034ecc00000)]
  0x000001f0c3043000 JavaThread "Attach Listener" daemon [_thread_blocked, id=9652, stack(0x00000034ecc00000,0x00000034ecd00000)]
=>0x000001f0c3045000 JavaThread "C1 CompilerThread0" daemon [_thread_in_native_trans, id=14008, stack(0x00000034ecd00000,0x00000034ece00000)]
  0x000001f0c306b800 JavaThread "Sweeper thread" daemon [_thread_blocked, id=10032, stack(0x00000034ece00000,0x00000034ecf00000)]
  0x000001f0c312b000 JavaThread "Common-Cleaner" daemon [_thread_blocked, id=9388, stack(0x00000034ecf00000,0x00000034ed000000)]
  0x000001f0c339c800 JavaThread "Monitor Ctrl-Break" daemon [_thread_in_native, id=6776, stack(0x00000034ed000000,0x00000034ed100000)]
  0x000001f0c339d800 JavaThread "Service Thread" daemon [_thread_blocked, id=9180, stack(0x00000034ed100000,0x00000034ed200000)]
  0x000001f0c3767000 JavaThread "RMI TCP Accept-0" daemon [_thread_in_native, id=4456, stack(0x00000034ed200000,0x00000034ed300000)]
  0x000001f0c3b8e800 JavaThread "RMI TCP Connection(1)-192.168.0.234" daemon [_thread_in_native, id=2224, stack(0x00000034edf00000,0x00000034ee000000)]
  0x000001f0c4177800 JavaThread "RMI Scheduler(0)" daemon [_thread_blocked, id=12072, stack(0x00000034ee000000,0x00000034ee100000)]
  0x000001f0c4e88800 JavaThread "HikariPool-1 housekeeper" daemon [_thread_blocked, id=10788, stack(0x00000034ee100000,0x00000034ee200000)]
  0x000001f0c4f49800 JavaThread "Catalina-utility-1" [_thread_blocked, id=5312, stack(0x00000034ee200000,0x00000034ee300000)]
  0x000001f0c4f4a000 JavaThread "Catalina-utility-2" [_thread_blocked, id=7120, stack(0x00000034ee300000,0x00000034ee400000)]
  0x000001f0c4ea2800 JavaThread "container-0" [_thread_blocked, id=2360, stack(0x00000034ee400000,0x00000034ee500000)]
  0x000001f0c6869000 JavaThread "Live Reload Server" daemon [_thread_in_native, id=8092, stack(0x00000034ee700000,0x00000034ee800000)]
  0x000001f0c6869800 JavaThread "File Watcher" daemon [_thread_blocked, id=6312, stack(0x00000034ee600000,0x00000034ee700000)]
  0x000001f0c6867800 JavaThread "http-nio-8080-BlockPoller" daemon [_thread_in_native, id=11992, stack(0x00000034ee800000,0x00000034ee900000)]
  0x000001f0c6868000 JavaThread "http-nio-8080-exec-1" daemon [_thread_blocked, id=11584, stack(0x00000034ee900000,0x00000034eea00000)]
  0x000001f0c686a800 JavaThread "http-nio-8080-exec-2" daemon [_thread_blocked, id=5520, stack(0x00000034eea00000,0x00000034eeb00000)]
  0x000001f0c686b800 JavaThread "http-nio-8080-exec-3" daemon [_thread_blocked, id=8800, stack(0x00000034eeb00000,0x00000034eec00000)]
  0x000001f0c686c000 JavaThread "http-nio-8080-exec-4" daemon [_thread_blocked, id=4552, stack(0x00000034eec00000,0x00000034eed00000)]
  0x000001f0c6866800 JavaThread "http-nio-8080-exec-5" daemon [_thread_blocked, id=8824, stack(0x00000034eed00000,0x00000034eee00000)]
  0x000001f0c686d000 JavaThread "http-nio-8080-exec-6" daemon [_thread_blocked, id=2596, stack(0x00000034eee00000,0x00000034eef00000)]
  0x000001f0c6dd1800 JavaThread "http-nio-8080-exec-7" daemon [_thread_blocked, id=5692, stack(0x00000034eef00000,0x00000034ef000000)]
  0x000001f0c6dd8000 JavaThread "http-nio-8080-exec-8" daemon [_thread_blocked, id=6608, stack(0x00000034ef000000,0x00000034ef100000)]
  0x000001f0c6dd2000 JavaThread "http-nio-8080-exec-9" daemon [_thread_blocked, id=11024, stack(0x00000034ef100000,0x00000034ef200000)]
  0x000001f0c6dd4000 JavaThread "http-nio-8080-exec-10" daemon [_thread_blocked, id=12676, stack(0x00000034ef200000,0x00000034ef300000)]
  0x000001f0c6dd6000 JavaThread "http-nio-8080-ClientPoller" daemon [_thread_in_native, id=128, stack(0x00000034ef300000,0x00000034ef400000)]
  0x000001f0c6dd8800 JavaThread "http-nio-8080-Acceptor" daemon [_thread_in_native, id=1644, stack(0x00000034ef400000,0x00000034ef500000)]
  0x000001f0c6dd4800 JavaThread "DestroyJavaVM" [_thread_blocked, id=1168, stack(0x00000034ec200000,0x00000034ec300000)]
  0x000001f0c6dd3000 JavaThread "RMI TCP Connection(2)-192.168.0.234" daemon [_thread_in_native, id=4360, stack(0x00000034eda00000,0x00000034edb00000)]

Other Threads:
  0x000001f0c2798800 VMThread "VM Thread" [stack: 0x00000034ec800000,0x00000034ec900000] [id=7872]
  0x000001f0c375a800 WatcherThread [stack: 0x00000034ed300000,0x00000034ed400000] [id=12576]
  0x000001f09ec31800 GCTaskThread "GC Thread#0" [stack: 0x00000034ec300000,0x00000034ec400000] [id=11248]
  0x000001f0c3b00000 GCTaskThread "GC Thread#1" [stack: 0x00000034ed400000,0x00000034ed500000] [id=14172]
  0x000001f0c3b01000 GCTaskThread "GC Thread#2" [stack: 0x00000034ed500000,0x00000034ed600000] [id=8236]
  0x000001f0c3b01800 GCTaskThread "GC Thread#3" [stack: 0x00000034ed600000,0x00000034ed700000] [id=5968]
  0x000001f0c3b02800 GCTaskThread "GC Thread#4" [stack: 0x00000034ed700000,0x00000034ed800000] [id=12768]
  0x000001f0c3b05800 GCTaskThread "GC Thread#5" [stack: 0x00000034ed800000,0x00000034ed900000] [id=9776]
  0x000001f0c3b07800 GCTaskThread "GC Thread#6" [stack: 0x00000034edd00000,0x00000034ede00000] [id=944]
  0x000001f0c3b06000 GCTaskThread "GC Thread#7" [stack: 0x00000034ede00000,0x00000034edf00000] [id=10956]
  0x000001f09ec54000 ConcurrentGCThread "G1 Main Marker" [stack: 0x00000034ec400000,0x00000034ec500000] [id=9908]
  0x000001f09ec56800 ConcurrentGCThread "G1 Conc#0" [stack: 0x00000034ec500000,0x00000034ec600000] [id=6524]
  0x000001f0c3b04000 ConcurrentGCThread "G1 Conc#1" [stack: 0x00000034edc00000,0x00000034edd00000] [id=2780]
  0x000001f0c2695000 ConcurrentGCThread "G1 Refine#0" [stack: 0x00000034ec600000,0x00000034ec700000] [id=12060]
  0x000001f0c3911800 ConcurrentGCThread "G1 Refine#1" [stack: 0x00000034ed900000,0x00000034eda00000] [id=11800]
  0x000001f0c2697000 ConcurrentGCThread "G1 Young RemSet Sampling" [stack: 0x00000034ec700000,0x00000034ec800000] [id=6772]

Threads with active compile tasks:
C1 CompilerThread0    19512 5796       1       org.springframework.boot.devtools.filewatch.FolderSnapshot::collectFiles (99 bytes)

VM state:not at safepoint (normal execution)

VM Mutex/Monitor currently owned by a thread: None

Heap address: 0x0000000701c00000, size: 4068 MB, Compressed Oops mode: Zero based, Oop shift amount: 3
Narrow klass base: 0x0000000800000000, Narrow klass shift: 3
Compressed class space size: 1073741824 Address: 0x0000000800b40000

Heap:
 garbage-first heap   total 100352K, used 30679K [0x0000000701c00000, 0x0000000800000000)
  region size 1024K, 6 young (6144K), 4 survivors (4096K)
 Metaspace       used 57810K, capacity 59611K, committed 59852K, reserved 1099776K
  class space    used 7927K, capacity 8607K, committed 8652K, reserved 1048576K
Heap Regions: E=young(eden), S=young(survivor), O=old, HS=humongous(starts), HC=humongous(continues), CS=collection set, F=free, A=archive, TAMS=top-at-mark-start (previous, next)
|   0|0x0000000701c00000, 0x0000000701d00000, 0x0000000701d00000|100%|HS|  |TAMS 0x0000000701d00000, 0x0000000701c00000| Complete 
|   1|0x0000000701d00000, 0x0000000701e00000, 0x0000000701e00000|100%| O|  |TAMS 0x0000000701e00000, 0x0000000701d00000| Untracked 
|   2|0x0000000701e00000, 0x0000000701f00000, 0x0000000701f00000|100%| O|  |TAMS 0x0000000701f00000, 0x0000000701e00000| Untracked 
|   3|0x0000000701f00000, 0x0000000702000000, 0x0000000702000000|100%| O|  |TAMS 0x0000000702000000, 0x0000000701f00000| Untracked 
|   4|0x0000000702000000, 0x000000070205b400, 0x0000000702100000| 35%| O|  |TAMS 0x000000070205b400, 0x0000000702000000| Untracked 
|   5|0x0000000702100000, 0x0000000702200000, 0x0000000702200000|100%| O|  |TAMS 0x0000000702200000, 0x0000000702100000| Untracked 
|   6|0x0000000702200000, 0x0000000702300000, 0x0000000702300000|100%| O|  |TAMS 0x0000000702300000, 0x0000000702200000| Untracked 
|   7|0x0000000702300000, 0x0000000702400000, 0x0000000702400000|100%| O|  |TAMS 0x0000000702400000, 0x0000000702300000| Untracked 
|   8|0x0000000702400000, 0x0000000702500000, 0x0000000702500000|100%| O|  |TAMS 0x0000000702500000, 0x0000000702400000| Untracked 
|   9|0x0000000702500000, 0x0000000702600000, 0x0000000702600000|100%| O|  |TAMS 0x0000000702600000, 0x0000000702500000| Untracked 
|  10|0x0000000702600000, 0x0000000702700000, 0x0000000702700000|100%| O|  |TAMS 0x0000000702700000, 0x0000000702600000| Untracked 
|  11|0x0000000702700000, 0x00000007027d0e00, 0x0000000702800000| 81%| O|  |TAMS 0x00000007027d0e00, 0x0000000702700000| Untracked 
|  12|0x0000000702800000, 0x0000000702900000, 0x0000000702900000|100%| O|  |TAMS 0x0000000702900000, 0x0000000702800000| Untracked 
|  13|0x0000000702900000, 0x0000000702a00000, 0x0000000702a00000|100%| O|  |TAMS 0x0000000702a00000, 0x0000000702900000| Untracked 
|  14|0x0000000702a00000, 0x0000000702b00000, 0x0000000702b00000|100%| O|  |TAMS 0x0000000702b00000, 0x0000000702a00000| Untracked 
|  15|0x0000000702b00000, 0x0000000702c00000, 0x0000000702c00000|100%| O|  |TAMS 0x0000000702c00000, 0x0000000702b00000| Untracked 
|  16|0x0000000702c00000, 0x0000000702d00000, 0x0000000702d00000|100%| O|  |TAMS 0x0000000702d00000, 0x0000000702c00000| Untracked 
|  17|0x0000000702d00000, 0x0000000702e00000, 0x0000000702e00000|100%| O|  |TAMS 0x0000000702e00000, 0x0000000702d00000| Untracked 
|  18|0x0000000702e00000, 0x0000000702f00000, 0x0000000702f00000|100%| O|  |TAMS 0x0000000702f00000, 0x0000000702e00000| Untracked 
|  19|0x0000000702f00000, 0x0000000703000000, 0x0000000703000000|100%| O|  |TAMS 0x0000000703000000, 0x0000000702f00000| Untracked 
|  20|0x0000000703000000, 0x0000000703100000, 0x0000000703100000|100%| O|  |TAMS 0x0000000703100000, 0x0000000703000000| Untracked 
|  21|0x0000000703100000, 0x0000000703200000, 0x0000000703200000|100%| O|  |TAMS 0x0000000703200000, 0x0000000703100000| Untracked 
|  22|0x0000000703200000, 0x0000000703300000, 0x0000000703300000|100%| O|  |TAMS 0x0000000703300000, 0x0000000703200000| Untracked 
|  23|0x0000000703300000, 0x0000000703400000, 0x0000000703400000|100%| O|  |TAMS 0x0000000703400000, 0x0000000703300000| Untracked 
|  24|0x0000000703400000, 0x0000000703500000, 0x0000000703500000|100%| O|  |TAMS 0x000000070340da00, 0x0000000703400000| Untracked 
|  25|0x0000000703500000, 0x0000000703600000, 0x0000000703600000|100%| O|  |TAMS 0x0000000703500000, 0x0000000703500000| Untracked 
|  26|0x0000000703600000, 0x000000070366dc00, 0x0000000703700000| 42%| O|  |TAMS 0x0000000703600000, 0x0000000703600000| Untracked 
|  27|0x0000000703700000, 0x0000000703700000, 0x0000000703800000|  0%| F|  |TAMS 0x0000000703700000, 0x0000000703700000| Untracked 
|  28|0x0000000703800000, 0x0000000703800000, 0x0000000703900000|  0%| F|  |TAMS 0x0000000703800000, 0x0000000703800000| Untracked 
|  29|0x0000000703900000, 0x0000000703900000, 0x0000000703a00000|  0%| F|  |TAMS 0x0000000703900000, 0x0000000703900000| Untracked 
|  30|0x0000000703a00000, 0x0000000703a00000, 0x0000000703b00000|  0%| F|  |TAMS 0x0000000703a00000, 0x0000000703a00000| Untracked 
|  31|0x0000000703b00000, 0x0000000703b00000, 0x0000000703c00000|  0%| F|  |TAMS 0x0000000703b00000, 0x0000000703b00000| Untracked 
|  32|0x0000000703c00000, 0x0000000703c00000, 0x0000000703d00000|  0%| F|  |TAMS 0x0000000703c00000, 0x0000000703c00000| Untracked 
|  33|0x0000000703d00000, 0x0000000703d00000, 0x0000000703e00000|  0%| F|  |TAMS 0x0000000703d00000, 0x0000000703d00000| Untracked 
|  34|0x0000000703e00000, 0x0000000703e00000, 0x0000000703f00000|  0%| F|  |TAMS 0x0000000703e00000, 0x0000000703e00000| Untracked 
|  35|0x0000000703f00000, 0x0000000703f00000, 0x0000000704000000|  0%| F|  |TAMS 0x0000000703f00000, 0x0000000703f00000| Untracked 
|  36|0x0000000704000000, 0x0000000704000000, 0x0000000704100000|  0%| F|  |TAMS 0x0000000704000000, 0x0000000704000000| Untracked 
|  37|0x0000000704100000, 0x0000000704100000, 0x0000000704200000|  0%| F|  |TAMS 0x0000000704100000, 0x0000000704100000| Untracked 
|  38|0x0000000704200000, 0x0000000704200000, 0x0000000704300000|  0%| F|  |TAMS 0x0000000704200000, 0x0000000704200000| Untracked 
|  39|0x0000000704300000, 0x0000000704300000, 0x0000000704400000|  0%| F|  |TAMS 0x0000000704300000, 0x0000000704300000| Untracked 
|  40|0x0000000704400000, 0x0000000704400000, 0x0000000704500000|  0%| F|  |TAMS 0x0000000704400000, 0x0000000704400000| Untracked 
|  41|0x0000000704500000, 0x0000000704500000, 0x0000000704600000|  0%| F|  |TAMS 0x0000000704500000, 0x0000000704500000| Untracked 
|  42|0x0000000704600000, 0x0000000704600000, 0x0000000704700000|  0%| F|  |TAMS 0x0000000704600000, 0x0000000704600000| Untracked 
|  43|0x0000000704700000, 0x0000000704700000, 0x0000000704800000|  0%| F|  |TAMS 0x0000000704700000, 0x0000000704700000| Untracked 
|  44|0x0000000704800000, 0x0000000704800000, 0x0000000704900000|  0%| F|  |TAMS 0x0000000704800000, 0x0000000704800000| Untracked 
|  45|0x0000000704900000, 0x0000000704900000, 0x0000000704a00000|  0%| F|  |TAMS 0x0000000704900000, 0x0000000704900000| Untracked 
|  46|0x0000000704a00000, 0x0000000704a00000, 0x0000000704b00000|  0%| F|  |TAMS 0x0000000704a00000, 0x0000000704a00000| Untracked 
|  47|0x0000000704b00000, 0x0000000704b00000, 0x0000000704c00000|  0%| F|  |TAMS 0x0000000704b00000, 0x0000000704b00000| Untracked 
|  48|0x0000000704c00000, 0x0000000704c00000, 0x0000000704d00000|  0%| F|  |TAMS 0x0000000704c00000, 0x0000000704c00000| Untracked 
|  49|0x0000000704d00000, 0x0000000704d00000, 0x0000000704e00000|  0%| F|  |TAMS 0x0000000704d00000, 0x0000000704d00000| Untracked 
|  50|0x0000000704e00000, 0x0000000704e00000, 0x0000000704f00000|  0%| F|  |TAMS 0x0000000704e00000, 0x0000000704e00000| Untracked 
|  51|0x0000000704f00000, 0x0000000704f00000, 0x0000000705000000|  0%| F|  |TAMS 0x0000000704f00000, 0x0000000704f00000| Untracked 
|  52|0x0000000705000000, 0x0000000705000000, 0x0000000705100000|  0%| F|  |TAMS 0x0000000705000000, 0x0000000705000000| Untracked 
|  53|0x0000000705100000, 0x0000000705100000, 0x0000000705200000|  0%| F|  |TAMS 0x0000000705100000, 0x0000000705100000| Untracked 
|  54|0x0000000705200000, 0x0000000705200000, 0x0000000705300000|  0%| F|  |TAMS 0x0000000705200000, 0x0000000705200000| Untracked 
|  55|0x0000000705300000, 0x0000000705300000, 0x0000000705400000|  0%| F|  |TAMS 0x0000000705300000, 0x0000000705300000| Untracked 
|  56|0x0000000705400000, 0x0000000705400000, 0x0000000705500000|  0%| F|  |TAMS 0x0000000705400000, 0x0000000705400000| Untracked 
|  57|0x0000000705500000, 0x0000000705500000, 0x0000000705600000|  0%| F|  |TAMS 0x0000000705500000, 0x0000000705500000| Untracked 
|  58|0x0000000705600000, 0x0000000705600000, 0x0000000705700000|  0%| F|  |TAMS 0x0000000705600000, 0x0000000705600000| Untracked 
|  59|0x0000000705700000, 0x0000000705700000, 0x0000000705800000|  0%| F|  |TAMS 0x0000000705700000, 0x0000000705700000| Untracked 
|  60|0x0000000705800000, 0x0000000705800000, 0x0000000705900000|  0%| F|  |TAMS 0x0000000705800000, 0x0000000705800000| Untracked 
|  61|0x0000000705900000, 0x0000000705900000, 0x0000000705a00000|  0%| F|  |TAMS 0x0000000705900000, 0x0000000705900000| Untracked 
|  62|0x0000000705a00000, 0x0000000705a00000, 0x0000000705b00000|  0%| F|  |TAMS 0x0000000705a00000, 0x0000000705a00000| Untracked 
|  63|0x0000000705b00000, 0x0000000705b00000, 0x0000000705c00000|  0%| F|  |TAMS 0x0000000705b00000, 0x0000000705b00000| Untracked 
|  64|0x0000000705c00000, 0x0000000705c00000, 0x0000000705d00000|  0%| F|  |TAMS 0x0000000705c00000, 0x0000000705c00000| Untracked 
|  65|0x0000000705d00000, 0x0000000705d00000, 0x0000000705e00000|  0%| F|  |TAMS 0x0000000705d00000, 0x0000000705d00000| Untracked 
|  66|0x0000000705e00000, 0x0000000705e00000, 0x0000000705f00000|  0%| F|  |TAMS 0x0000000705e00000, 0x0000000705e00000| Untracked 
|  67|0x0000000705f00000, 0x0000000705f00000, 0x0000000706000000|  0%| F|  |TAMS 0x0000000705f00000, 0x0000000705f00000| Untracked 
|  68|0x0000000706000000, 0x0000000706000000, 0x0000000706100000|  0%| F|  |TAMS 0x0000000706000000, 0x0000000706000000| Untracked 
|  69|0x0000000706100000, 0x0000000706100000, 0x0000000706200000|  0%| F|  |TAMS 0x0000000706100000, 0x0000000706100000| Untracked 
|  70|0x0000000706200000, 0x0000000706200000, 0x0000000706300000|  0%| F|  |TAMS 0x0000000706200000, 0x0000000706200000| Untracked 
|  71|0x0000000706300000, 0x0000000706300000, 0x0000000706400000|  0%| F|  |TAMS 0x0000000706300000, 0x0000000706300000| Untracked 
|  72|0x0000000706400000, 0x0000000706400000, 0x0000000706500000|  0%| F|  |TAMS 0x0000000706400000, 0x0000000706400000| Untracked 
|  73|0x0000000706500000, 0x0000000706500000, 0x0000000706600000|  0%| F|  |TAMS 0x0000000706500000, 0x0000000706500000| Untracked 
|  74|0x0000000706600000, 0x0000000706600000, 0x0000000706700000|  0%| F|  |TAMS 0x0000000706600000, 0x0000000706600000| Untracked 
|  75|0x0000000706700000, 0x0000000706700000, 0x0000000706800000|  0%| F|  |TAMS 0x0000000706700000, 0x0000000706700000| Untracked 
|  76|0x0000000706800000, 0x0000000706800000, 0x0000000706900000|  0%| F|  |TAMS 0x0000000706800000, 0x0000000706800000| Untracked 
|  77|0x0000000706900000, 0x0000000706900000, 0x0000000706a00000|  0%| F|  |TAMS 0x0000000706900000, 0x0000000706900000| Untracked 
|  78|0x0000000706a00000, 0x0000000706a00000, 0x0000000706b00000|  0%| F|  |TAMS 0x0000000706a00000, 0x0000000706a00000| Untracked 
|  79|0x0000000706b00000, 0x0000000706b00000, 0x0000000706c00000|  0%| F|  |TAMS 0x0000000706b00000, 0x0000000706b00000| Untracked 
|  80|0x0000000706c00000, 0x0000000706c00000, 0x0000000706d00000|  0%| F|  |TAMS 0x0000000706c00000, 0x0000000706c00000| Untracked 
|  81|0x0000000706d00000, 0x0000000706d00000, 0x0000000706e00000|  0%| F|  |TAMS 0x0000000706d00000, 0x0000000706d00000| Untracked 
|  82|0x0000000706e00000, 0x0000000706e00000, 0x0000000706f00000|  0%| F|  |TAMS 0x0000000706e00000, 0x0000000706e00000| Untracked 
|  83|0x0000000706f00000, 0x0000000706f00000, 0x0000000707000000|  0%| F|  |TAMS 0x0000000706f00000, 0x0000000706f00000| Untracked 
|  84|0x0000000707000000, 0x0000000707000000, 0x0000000707100000|  0%| F|  |TAMS 0x0000000707000000, 0x0000000707000000| Untracked 
|  85|0x0000000707100000, 0x0000000707100000, 0x0000000707200000|  0%| F|  |TAMS 0x0000000707100000, 0x0000000707100000| Untracked 
|  86|0x0000000707200000, 0x000000070725bee0, 0x0000000707300000| 35%| S|CS|TAMS 0x0000000707200000, 0x0000000707200000| Complete 
|  87|0x0000000707300000, 0x0000000707400000, 0x0000000707400000|100%| S|CS|TAMS 0x0000000707300000, 0x0000000707300000| Complete 
|  88|0x0000000707400000, 0x0000000707500000, 0x0000000707500000|100%| S|CS|TAMS 0x0000000707400000, 0x0000000707400000| Complete 
|  89|0x0000000707500000, 0x0000000707600000, 0x0000000707600000|100%| S|CS|TAMS 0x0000000707500000, 0x0000000707500000| Complete 
|  90|0x0000000707600000, 0x0000000707600000, 0x0000000707700000|  0%| F|  |TAMS 0x0000000707600000, 0x0000000707600000| Untracked 
|  91|0x0000000707700000, 0x0000000707700000, 0x0000000707800000|  0%| F|  |TAMS 0x0000000707700000, 0x0000000707700000| Untracked 
|  92|0x0000000707800000, 0x0000000707800000, 0x0000000707900000|  0%| F|  |TAMS 0x0000000707800000, 0x0000000707800000| Untracked 
|  93|0x0000000707900000, 0x0000000707900000, 0x0000000707a00000|  0%| F|  |TAMS 0x0000000707900000, 0x0000000707900000| Untracked 
|  94|0x0000000707a00000, 0x0000000707a00000, 0x0000000707b00000|  0%| F|  |TAMS 0x0000000707a00000, 0x0000000707a00000| Untracked 
|  95|0x0000000707b00000, 0x0000000707b00000, 0x0000000707c00000|  0%| F|  |TAMS 0x0000000707b00000, 0x0000000707b00000| Untracked 
|  96|0x0000000707c00000, 0x0000000707c34aa8, 0x0000000707d00000| 20%| E|  |TAMS 0x0000000707c00000, 0x0000000707c00000| Complete 
| 255|0x0000000711b00000, 0x0000000711c00000, 0x0000000711c00000|100%| E|CS|TAMS 0x0000000711b00000, 0x0000000711b00000| Complete 

Card table byte_map: [0x000001f0b6cf0000,0x000001f0b74f0000] _byte_map_base: 0x000001f0b34e2000

Marking Bits (Prev, Next): (CMBitMap*) 0x000001f09ec337f8, (CMBitMap*) 0x000001f09ec337b8
 Prev Bits: [0x000001f0bbc80000, 0x000001f0bfc10000)
 Next Bits: [0x000001f0b7cf0000, 0x000001f0bbc80000)

Polling page: 0x000001f09ca80000

Metaspace:

Usage:
  Non-class:     49.81 MB capacity,    48.71 MB ( 98%) used,   919.88 KB (  2%) free+waste,   201.06 KB ( <1%) overhead. 
      Class:      8.41 MB capacity,     7.74 MB ( 92%) used,   581.04 KB (  7%) free+waste,    98.31 KB (  1%) overhead. 
       Both:     58.21 MB capacity,    56.46 MB ( 97%) used,     1.47 MB (  3%) free+waste,   299.38 KB ( <1%) overhead. 

Virtual space:
  Non-class space:       50.00 MB reserved,      50.00 MB (100%) committed 
      Class space:        1.00 GB reserved,       8.45 MB ( <1%) committed 
             Both:        1.05 GB reserved,      58.45 MB (  5%) committed 

Chunk freelists:
   Non-Class:  4.00 KB
       Class:  1.00 KB
        Both:  5.00 KB

MaxMetaspaceSize: 17179869184.00 GB
CompressedClassSpaceSize: 1.00 GB

CodeHeap 'non-profiled nmethods': size=238336Kb used=9660Kb max_used=9660Kb free=228675Kb
 bounds [0x000001f0a77f0000, 0x000001f0a8160000, 0x000001f0b60b0000]
CodeHeap 'non-nmethods': size=7424Kb used=1336Kb max_used=1336Kb free=6087Kb
 bounds [0x000001f0a70b0000, 0x000001f0a7320000, 0x000001f0a77f0000]
 total_blobs=6698 nmethods=5760 adapters=558
 compilation: enabled
              stopped_count=0, restarted_count=0
 full_count=0

Compilation events (20 events):
Event: 14.969 Thread 0x000001f0c3045000 nmethod 5785 0x000001f0a815b910 code [0x000001f0a815bac0, 0x000001f0a815bcb0]
Event: 14.969 Thread 0x000001f0c3045000 5786       1       com.fasterxml.jackson.databind.cfg.BaseSettings::getAnnotationIntrospector (5 bytes)
Event: 14.970 Thread 0x000001f0c3045000 nmethod 5786 0x000001f0a815bd90 code [0x000001f0a815bf20, 0x000001f0a815c058]
Event: 14.972 Thread 0x000001f0c3045000 5787       1       com.fasterxml.jackson.databind.cfg.MapperConfig::isEnabled (18 bytes)
Event: 14.972 Thread 0x000001f0c3045000 nmethod 5787 0x000001f0a815c110 code [0x000001f0a815c2a0, 0x000001f0a815c3f8]
Event: 14.972 Thread 0x000001f0c3045000 5790       1       org.springframework.util.MimeType::isWildcardSubtype (30 bytes)
Event: 14.972 Thread 0x000001f0c3045000 nmethod 5790 0x000001f0a815c490 code [0x000001f0a815c640, 0x000001f0a815c820]
Event: 14.972 Thread 0x000001f0c3045000 5788       1       org.springframework.util.MimeType$SpecificityComparator::compare (103 bytes)
Event: 14.972 Thread 0x000001f0c3045000 nmethod 5788 0x000001f0a815c910 code [0x000001f0a815cba0, 0x000001f0a815d1f0]
Event: 14.972 Thread 0x000001f0c3045000 5789       1       org.springframework.util.MimeType$SpecificityComparator::compare (13 bytes)
Event: 14.973 Thread 0x000001f0c3045000 nmethod 5789 0x000001f0a815d590 code [0x000001f0a815d740, 0x000001f0a815d930]
Event: 16.800 Thread 0x000001f0c3045000 5791       1       java.nio.channels.spi.AbstractSelector::cancelledKeys (5 bytes)
Event: 16.800 Thread 0x000001f0c3045000 nmethod 5791 0x000001f0a815da10 code [0x000001f0a815dba0, 0x000001f0a815dcd8]
Event: 17.988 Thread 0x000001f0c3045000 5792       1       org.apache.tomcat.util.net.NioEndpoint$NioSocketWrapper::interestOps (5 bytes)
Event: 17.988 Thread 0x000001f0c3045000 nmethod 5792 0x000001f0a815dd90 code [0x000001f0a815df20, 0x000001f0a815e058]
Event: 18.427 Thread 0x000001f0c3045000 5793       1       java.io.File::listFiles (52 bytes)
Event: 18.427 Thread 0x000001f0c3045000 nmethod 5793 0x000001f0a815e610 code [0x000001f0a815e800, 0x000001f0a815ece0]
Event: 18.427 Thread 0x000001f0c3045000 5794       1       java.io.File::list (33 bytes)
Event: 18.427 Thread 0x000001f0c3045000 nmethod 5794 0x000001f0a815ef10 code [0x000001f0a815f0e0, 0x000001f0a815f2f0]
Event: 19.457 Thread 0x000001f0c3045000 5796       1       org.springframework.boot.devtools.filewatch.FolderSnapshot::collectFiles (99 bytes)

GC Heap History (20 events):
Event: 2.690 GC heap before
{Heap before GC invocations=7 (full 0):
 garbage-first heap   total 51200K, used 38283K [0x0000000701c00000, 0x0000000800000000)
  region size 1024K, 27 young (27648K), 3 survivors (3072K)
 Metaspace       used 24473K, capacity 25538K, committed 25728K, reserved 1071104K
  class space    used 3401K, capacity 3843K, committed 3968K, reserved 1048576K
}
Event: 2.695 GC heap after
{Heap after GC invocations=8 (full 0):
 garbage-first heap   total 156672K, used 14998K [0x0000000701c00000, 0x0000000800000000)
  region size 1024K, 4 young (4096K), 4 survivors (4096K)
 Metaspace       used 24473K, capacity 25538K, committed 25728K, reserved 1071104K
  class space    used 3401K, capacity 3843K, committed 3968K, reserved 1048576K
}
Event: 2.859 GC heap before
{Heap before GC invocations=8 (full 0):
 garbage-first heap   total 156672K, used 103062K [0x0000000701c00000, 0x0000000800000000)
  region size 1024K, 91 young (93184K), 4 survivors (4096K)
 Metaspace       used 26125K, capacity 27233K, committed 27392K, reserved 1073152K
  class space    used 3556K, capacity 3981K, committed 4096K, reserved 1048576K
}
Event: 2.863 GC heap after
{Heap after GC invocations=9 (full 0):
 garbage-first heap   total 156672K, used 15970K [0x0000000701c00000, 0x0000000800000000)
  region size 1024K, 5 young (5120K), 5 survivors (5120K)
 Metaspace       used 26125K, capacity 27233K, committed 27392K, reserved 1073152K
  class space    used 3556K, capacity 3981K, committed 4096K, reserved 1048576K
}
Event: 3.324 GC heap before
{Heap before GC invocations=9 (full 0):
 garbage-first heap   total 156672K, used 73314K [0x0000000701c00000, 0x0000000800000000)
  region size 1024K, 63 young (64512K), 5 survivors (5120K)
 Metaspace       used 34246K, capacity 35308K, committed 35584K, reserved 1079296K
  class space    used 4672K, capacity 5093K, committed 5120K, reserved 1048576K
}
Event: 3.329 GC heap after
{Heap after GC invocations=10 (full 0):
 garbage-first heap   total 156672K, used 18271K [0x0000000701c00000, 0x0000000800000000)
  region size 1024K, 7 young (7168K), 7 survivors (7168K)
 Metaspace       used 34246K, capacity 35308K, committed 35584K, reserved 1079296K
  class space    used 4672K, capacity 5093K, committed 5120K, reserved 1048576K
}
Event: 3.635 GC heap before
{Heap before GC invocations=11 (full 0):
 garbage-first heap   total 68608K, used 51039K [0x0000000701c00000, 0x0000000800000000)
  region size 1024K, 40 young (40960K), 7 survivors (7168K)
 Metaspace       used 39692K, capacity 40846K, committed 40960K, reserved 1085440K
  class space    used 5350K, capacity 5788K, committed 5888K, reserved 1048576K
}
Event: 3.641 GC heap after
{Heap after GC invocations=12 (full 0):
 garbage-first heap   total 68608K, used 19450K [0x0000000701c00000, 0x0000000800000000)
  region size 1024K, 4 young (4096K), 4 survivors (4096K)
 Metaspace       used 39692K, capacity 40846K, committed 40960K, reserved 1085440K
  class space    used 5350K, capacity 5788K, committed 5888K, reserved 1048576K
}
Event: 3.888 GC heap before
{Heap before GC invocations=12 (full 0):
 garbage-first heap   total 68608K, used 53242K [0x0000000701c00000, 0x0000000800000000)
  region size 1024K, 38 young (38912K), 4 survivors (4096K)
 Metaspace       used 43268K, capacity 44477K, committed 44672K, reserved 1087488K
  class space    used 5958K, capacity 6415K, committed 6528K, reserved 1048576K
}
Event: 3.892 GC heap after
{Heap after GC invocations=13 (full 0):
 garbage-first heap   total 82944K, used 20558K [0x0000000701c00000, 0x0000000800000000)
  region size 1024K, 3 young (3072K), 3 survivors (3072K)
 Metaspace       used 43268K, capacity 44477K, committed 44672K, reserved 1087488K
  class space    used 5958K, capacity 6415K, committed 6528K, reserved 1048576K
}
Event: 4.149 GC heap before
{Heap before GC invocations=13 (full 0):
 garbage-first heap   total 82944K, used 61518K [0x0000000701c00000, 0x0000000800000000)
  region size 1024K, 43 young (44032K), 3 survivors (3072K)
 Metaspace       used 46481K, capacity 47939K, committed 48256K, reserved 1091584K
  class space    used 6414K, capacity 6949K, committed 7040K, reserved 1048576K
}
Event: 4.153 GC heap after
{Heap after GC invocations=14 (full 0):
 garbage-first heap   total 82944K, used 22459K [0x0000000701c00000, 0x0000000800000000)
  region size 1024K, 5 young (5120K), 5 survivors (5120K)
 Metaspace       used 46481K, capacity 47939K, committed 48256K, reserved 1091584K
  class space    used 6414K, capacity 6949K, committed 7040K, reserved 1048576K
}
Event: 4.373 GC heap before
{Heap before GC invocations=14 (full 0):
 garbage-first heap   total 82944K, used 62395K [0x0000000701c00000, 0x0000000800000000)
  region size 1024K, 44 young (45056K), 5 survivors (5120K)
 Metaspace       used 48305K, capacity 49858K, committed 50048K, reserved 1091584K
  class space    used 6703K, capacity 7285K, committed 7296K, reserved 1048576K
}
Event: 4.377 GC heap after
{Heap after GC invocations=15 (full 0):
 garbage-first heap   total 82944K, used 24140K [0x0000000701c00000, 0x0000000800000000)
  region size 1024K, 5 young (5120K), 5 survivors (5120K)
 Metaspace       used 48305K, capacity 49858K, committed 50048K, reserved 1091584K
  class space    used 6703K, capacity 7285K, committed 7296K, reserved 1048576K
}
Event: 6.092 GC heap before
{Heap before GC invocations=15 (full 0):
 garbage-first heap   total 82944K, used 64076K [0x0000000701c00000, 0x0000000800000000)
  region size 1024K, 44 young (45056K), 5 survivors (5120K)
 Metaspace       used 51634K, capacity 53308K, committed 53376K, reserved 1095680K
  class space    used 7145K, capacity 7790K, committed 7808K, reserved 1048576K
}
Event: 6.097 GC heap after
{Heap after GC invocations=16 (full 0):
 garbage-first heap   total 82944K, used 26105K [0x0000000701c00000, 0x0000000800000000)
  region size 1024K, 4 young (4096K), 4 survivors (4096K)
 Metaspace       used 51634K, capacity 53308K, committed 53376K, reserved 1095680K
  class space    used 7145K, capacity 7790K, committed 7808K, reserved 1048576K
}
Event: 14.890 GC heap before
{Heap before GC invocations=16 (full 0):
 garbage-first heap   total 82944K, used 65017K [0x0000000701c00000, 0x0000000800000000)
  region size 1024K, 42 young (43008K), 4 survivors (4096K)
 Metaspace       used 56519K, capacity 58263K, committed 58368K, reserved 1099776K
  class space    used 7775K, capacity 8436K, committed 8448K, reserved 1048576K
}
Event: 14.895 GC heap after
{Heap after GC invocations=17 (full 0):
 garbage-first heap   total 100352K, used 29280K [0x0000000701c00000, 0x0000000800000000)
  region size 1024K, 6 young (6144K), 6 survivors (6144K)
 Metaspace       used 56519K, capacity 58263K, committed 58368K, reserved 1099776K
  class space    used 7775K, capacity 8436K, committed 8448K, reserved 1048576K
}
Event: 14.964 GC heap before
{Heap before GC invocations=17 (full 0):
 garbage-first heap   total 100352K, used 36448K [0x0000000701c00000, 0x0000000800000000)
  region size 1024K, 14 young (14336K), 6 survivors (6144K)
 Metaspace       used 57749K, capacity 59515K, committed 59520K, reserved 1099776K
  class space    used 7922K, capacity 8575K, committed 8576K, reserved 1048576K
}
Event: 14.968 GC heap after
{Heap after GC invocations=18 (full 0):
 garbage-first heap   total 100352K, used 29655K [0x0000000701c00000, 0x0000000800000000)
  region size 1024K, 4 young (4096K), 4 survivors (4096K)
 Metaspace       used 57749K, capacity 59515K, committed 59520K, reserved 1099776K
  class space    used 7922K, capacity 8575K, committed 8576K, reserved 1048576K
}

Deoptimization events (4 events):
Event: 2.187 Thread 0x000001f0c3b9a800 DEOPT PACKING pc=0x000001f0a7b332b4 sp=0x00000034edbfcec0
Event: 2.187 Thread 0x000001f0c3b9a800 DEOPT UNPACKING pc=0x000001f0a70f964e sp=0x00000034edbfc428 mode 0
Event: 14.889 Thread 0x000001f0c6dd1800 DEOPT PACKING pc=0x000001f0a7983c2c sp=0x00000034eeffb600
Event: 14.889 Thread 0x000001f0c6dd1800 DEOPT UNPACKING pc=0x000001f0a70f964e sp=0x00000034eeffab28 mode 0

Classes unloaded (1 events):
Event: 3.341 Thread 0x000001f0c2798800 Unloading class 0x0000000800c2bc40 'org/springframework/core/GenericTypeResolver$$Lambda$141'

Classes redefined (0 events):
No events

Internal exceptions (20 events):
Event: 4.239 Thread 0x000001f0c3b9a800 Exception <a 'java/lang/ClassNotFoundException'{0x00000007057a4a80}: org/springframework/beans/factory/AwareCustomizer> (0x00000007057a4a80) 
thrown [t:/workspace/open/src/hotspot/share/classfile/systemDictionary.cpp, line 232]
Event: 4.240 Thread 0x000001f0c3b9a800 Exception <a 'java/lang/ClassNotFoundException'{0x00000007057b9020}: org/springframework/context/ApplicationContextAwareCustomizer> (0x00000007057b9020) 
thrown [t:/workspace/open/src/hotspot/share/classfile/systemDictionary.cpp, line 232]
Event: 4.240 Thread 0x000001f0c3b9a800 Exception <a 'java/lang/ClassNotFoundException'{0x00000007057cd0b0}: org/springframework/beans/factory/AwareCustomizer> (0x00000007057cd0b0) 
thrown [t:/workspace/open/src/hotspot/share/classfile/systemDictionary.cpp, line 232]
Event: 4.240 Thread 0x000001f0c3b9a800 Exception <a 'java/lang/ClassNotFoundException'{0x00000007057e1628}: org/springframework/web/context/ServletContextAwareCustomizer> (0x00000007057e1628) 
thrown [t:/workspace/open/src/hotspot/share/classfile/systemDictionary.cpp, line 232]
Event: 4.241 Thread 0x000001f0c3b9a800 Exception <a 'java/lang/ClassNotFoundException'{0x00000007057f4f40}: org/springframework/beans/factory/AwareCustomizer> (0x00000007057f4f40) 
thrown [t:/workspace/open/src/hotspot/share/classfile/systemDictionary.cpp, line 232]
Event: 4.268 Thread 0x000001f0c3b9a800 Exception <a 'java/io/FileNotFoundException'{0x00000007054baee8}> (0x00000007054baee8) 
thrown [t:/workspace/open/src/hotspot/share/prims/jni.cpp, line 598]
Event: 4.268 Thread 0x000001f0c3b9a800 Exception <a 'java/io/FileNotFoundException'{0x00000007054bbbc8}> (0x00000007054bbbc8) 
thrown [t:/workspace/open/src/hotspot/share/prims/jni.cpp, line 598]
Event: 4.281 Thread 0x000001f0c3b9a800 Exception <a 'java/lang/ClassNotFoundException'{0x00000007052819f8}: java/lang/ObjectCustomizer> (0x00000007052819f8) 
thrown [t:/workspace/open/src/hotspot/share/classfile/systemDictionary.cpp, line 232]
Event: 4.282 Thread 0x000001f0c3b9a800 Exception <a 'java/lang/ClassNotFoundException'{0x000000070529e600}: org/springframework/security/config/annotation/web/configuration/WebSecurityConfigurationCustomizer> (0x000000070529e600) 
thrown [t:/workspace/open/src/hotspot/share/classfile/systemDictionary.cpp, line 232]
Event: 4.282 Thread 0x000001f0c3b9a800 Exception <a 'java/lang/ClassNotFoundException'{0x00000007052bcaa8}: org/springframework/context/annotation/ImportAwareCustomizer> (0x00000007052bcaa8) 
thrown [t:/workspace/open/src/hotspot/share/classfile/systemDictionary.cpp, line 232]
Event: 4.282 Thread 0x000001f0c3b9a800 Exception <a 'java/lang/ClassNotFoundException'{0x00000007052cf500}: org/springframework/beans/factory/AwareCustomizer> (0x00000007052cf500) 
thrown [t:/workspace/open/src/hotspot/share/classfile/systemDictionary.cpp, line 232]
Event: 4.283 Thread 0x000001f0c3b9a800 Exception <a 'java/lang/ClassNotFoundException'{0x00000007052e3540}: org/springframework/beans/factory/BeanClassLoaderAwareCustomizer> (0x00000007052e3540) 
thrown [t:/workspace/open/src/hotspot/share/classfile/systemDictionary.cpp, line 232]
Event: 4.283 Thread 0x000001f0c3b9a800 Exception <a 'java/lang/ClassNotFoundException'{0x00000007052f5fa8}: org/springframework/beans/factory/AwareCustomizer> (0x00000007052f5fa8) 
thrown [t:/workspace/open/src/hotspot/share/classfile/systemDictionary.cpp, line 232]
Event: 4.362 Thread 0x000001f0c3b9a800 Exception <a 'java/lang/NoSuchMethodError'{0x00000007047a9ea8}: 'java.lang.Object java.lang.invoke.DirectMethodHandle$Holder.invokeInterface(java.lang.Object, java.lang.Object, java.lang.Object, java.lang.Object)'> (0x00000007047a9ea8) 
thrown [t:/workspace/open/src/hotspot/share/interpreter/linkResolver.cpp, line 767]
Event: 4.445 Thread 0x000001f0c3b9a800 Exception <a 'java/lang/NoSuchMethodError'{0x000000070626e678}: 'void java.lang.invoke.DirectMethodHandle$Holder.invokeVirtual(java.lang.Object, java.lang.Object, int)'> (0x000000070626e678) 
thrown [t:/workspace/open/src/hotspot/share/interpreter/linkResolver.cpp, line 767]
Event: 4.514 Thread 0x000001f0c3b9a800 Exception <a 'java/lang/IncompatibleClassChangeError'{0x0000000705b49c80}: Found class java.lang.Object, but interface was expected> (0x0000000705b49c80) 
thrown [t:/workspace/open/src/hotspot/share/interpreter/linkResolver.cpp, line 833]
Event: 4.532 Thread 0x000001f0c3b9a800 Exception <a 'java/lang/NoSuchMethodError'{0x0000000705ad5f18}: 'int java.lang.invoke.DirectMethodHandle$Holder.invokeStaticInit(java.lang.Object, java.lang.Object, java.lang.Object, java.lang.Object)'> (0x0000000705ad5f18) 
thrown [t:/workspace/open/src/hotspot/share/interpreter/linkResolver.cpp, line 767]
Event: 6.122 Thread 0x000001f0c6868000 Exception <a 'java/lang/NoSuchMethodError'{0x000000070798a028}: 'void java.lang.invoke.DirectMethodHandle$Holder.invokeStaticInit(java.lang.Object, java.lang.Object, java.lang.Object)'> (0x000000070798a028) 
thrown [t:/workspace/open/src/hotspot/share/interpreter/linkResolver.cpp, line 767]
Event: 14.936 Thread 0x000001f0c6dd1800 Exception <a 'java/lang/ClassNotFoundException'{0x00000007079c8980}: java/lang/ObjectCustomizer> (0x00000007079c8980) 
thrown [t:/workspace/open/src/hotspot/share/classfile/systemDictionary.cpp, line 232]
Event: 14.937 Thread 0x000001f0c6dd1800 Exception <a 'java/lang/ClassNotFoundException'{0x00000007079e28a8}: com/space/datahub/domain/DepartmentCustomizer> (0x00000007079e28a8) 
thrown [t:/workspace/open/src/hotspot/share/classfile/systemDictionary.cpp, line 232]

Events (20 events):
Event: 14.964 loading class com/fasterxml/jackson/databind/ser/PropertyBuilder$1
Event: 14.964 loading class com/fasterxml/jackson/databind/ser/PropertyBuilder$1 done
Event: 14.964 Executing VM operation: CollectForMetadataAllocation
Event: 14.969 Executing VM operation: CollectForMetadataAllocation done
Event: 14.969 loading class com/fasterxml/jackson/databind/annotation/JsonAppend
Event: 14.969 loading class com/fasterxml/jackson/databind/annotation/JsonAppend done
Event: 14.969 loading class com/fasterxml/jackson/annotation/JsonFilter
Event: 14.969 loading class com/fasterxml/jackson/annotation/JsonFilter done
Event: 14.970 loading class com/fasterxml/jackson/databind/ser/BeanSerializer
Event: 14.970 loading class com/fasterxml/jackson/databind/ser/BeanSerializer done
Event: 14.970 loading class com/fasterxml/jackson/databind/ser/std/BeanSerializerBase
Event: 14.970 loading class com/fasterxml/jackson/databind/ser/std/BeanSerializerBase done
Event: 14.971 loading class com/fasterxml/jackson/databind/ser/std/NumberSerializers$1
Event: 14.971 loading class com/fasterxml/jackson/databind/ser/std/NumberSerializers$1 done
Event: 14.972 loading class com/fasterxml/jackson/core/io/NumberOutput
Event: 14.972 loading class com/fasterxml/jackson/core/io/NumberOutput done
Event: 14.997 Executing VM operation: G1Concurrent
Event: 14.999 Executing VM operation: G1Concurrent done
Event: 15.011 Executing VM operation: G1Concurrent
Event: 15.011 Executing VM operation: G1Concurrent done


Dynamic libraries:
0x00007ff72f5b0000 - 0x00007ff72f5bf000 	C:\Program Files\Java\jdk-13.0.2\bin\java.exe
0x00007ffa2bc40000 - 0x00007ffa2be30000 	C:\WINDOWS\SYSTEM32\ntdll.dll
0x00007ffa2aba0000 - 0x00007ffa2ac52000 	C:\WINDOWS\System32\KERNEL32.DLL
0x00007ffa298a0000 - 0x00007ffa29b44000 	C:\WINDOWS\System32\KERNELBASE.dll
0x00007ffa297a0000 - 0x00007ffa2989a000 	C:\WINDOWS\System32\ucrtbase.dll
0x00007ffa0c8c0000 - 0x00007ffa0c8d8000 	C:\Program Files\Java\jdk-13.0.2\bin\jli.dll
0x00007ffa2b1b0000 - 0x00007ffa2b253000 	C:\WINDOWS\System32\ADVAPI32.dll
0x00007ffa2a9a0000 - 0x00007ffa2aa3e000 	C:\WINDOWS\System32\msvcrt.dll
0x00007ffa2b260000 - 0x00007ffa2b2f7000 	C:\WINDOWS\System32\sechost.dll
0x00007ffa2b8c0000 - 0x00007ffa2b9e0000 	C:\WINDOWS\System32\RPCRT4.dll
0x00007ffa0c420000 - 0x00007ffa0c435000 	C:\Program Files\Java\jdk-13.0.2\bin\VCRUNTIME140.dll
0x00007ffa2b9e0000 - 0x00007ffa2bb74000 	C:\WINDOWS\System32\USER32.dll
0x00007ffa29b50000 - 0x00007ffa29b71000 	C:\WINDOWS\System32\win32u.dll
0x00007ffa2b420000 - 0x00007ffa2b446000 	C:\WINDOWS\System32\GDI32.dll
0x00007ffa28d40000 - 0x00007ffa28ed5000 	C:\WINDOWS\System32\gdi32full.dll
0x00007ffa29c00000 - 0x00007ffa29c9e000 	C:\WINDOWS\System32\msvcp_win.dll
0x00007ffa0ce10000 - 0x00007ffa0d094000 	C:\WINDOWS\WinSxS\amd64_microsoft.windows.common-controls_6595b64144ccf1df_6.0.18362.900_none_e6beb9d913147d17\COMCTL32.dll
0x00007ffa2acc0000 - 0x00007ffa2aff5000 	C:\WINDOWS\System32\combase.dll
0x00007ffa29b80000 - 0x00007ffa29c00000 	C:\WINDOWS\System32\bcryptPrimitives.dll
0x00007ffa24730000 - 0x00007ffa2473a000 	C:\WINDOWS\SYSTEM32\VERSION.dll
0x00007ffa2a7a0000 - 0x00007ffa2a7ce000 	C:\WINDOWS\System32\IMM32.DLL
0x00007ff9f52a0000 - 0x00007ff9f533b000 	C:\Program Files\Java\jdk-13.0.2\bin\msvcp140.dll
0x00007ff9e9700000 - 0x00007ff9ea25d000 	C:\Program Files\Java\jdk-13.0.2\bin\server\jvm.dll
0x00007ffa2a910000 - 0x00007ffa2a918000 	C:\WINDOWS\System32\PSAPI.DLL
0x00007ffa1d180000 - 0x00007ffa1d189000 	C:\WINDOWS\SYSTEM32\WSOCK32.dll
0x00007ffa2b300000 - 0x00007ffa2b36f000 	C:\WINDOWS\System32\WS2_32.dll
0x00007ffa1f7c0000 - 0x00007ffa1f7e4000 	C:\WINDOWS\SYSTEM32\WINMM.dll
0x00007ffa1f790000 - 0x00007ffa1f7bd000 	C:\WINDOWS\SYSTEM32\WINMMBASE.dll
0x00007ffa29ca0000 - 0x00007ffa29cea000 	C:\WINDOWS\System32\cfgmgr32.dll
0x00007ffa28b30000 - 0x00007ffa28b41000 	C:\WINDOWS\System32\kernel.appcore.dll
0x00007ffa1ffb0000 - 0x00007ffa1ffc0000 	C:\Program Files\Java\jdk-13.0.2\bin\verify.dll
0x00007ffa273e0000 - 0x00007ffa275d4000 	C:\WINDOWS\SYSTEM32\DBGHELP.DLL
0x00007ffa20f00000 - 0x00007ffa20f2a000 	C:\WINDOWS\SYSTEM32\dbgcore.DLL
0x00007ffa0b100000 - 0x00007ffa0b126000 	C:\Program Files\Java\jdk-13.0.2\bin\java.dll
0x00007ffa17fc0000 - 0x00007ffa17fce000 	C:\Program Files\Java\jdk-13.0.2\bin\instrument.dll
0x00007ffa0b750000 - 0x00007ffa0b767000 	C:\Program Files\Java\jdk-13.0.2\bin\zip.dll
0x00007ffa17b10000 - 0x00007ffa17b1a000 	C:\Program Files\Java\jdk-13.0.2\bin\jimage.dll
0x00007ffa2a0b0000 - 0x00007ffa2a796000 	C:\WINDOWS\System32\SHELL32.dll
0x00007ffa2b370000 - 0x00007ffa2b419000 	C:\WINDOWS\System32\shcore.dll
0x00007ffa28f40000 - 0x00007ffa296c0000 	C:\WINDOWS\System32\windows.storage.dll
0x00007ffa28b50000 - 0x00007ffa28b73000 	C:\WINDOWS\System32\profapi.dll
0x00007ffa28b80000 - 0x00007ffa28bca000 	C:\WINDOWS\System32\powrprof.dll
0x00007ffa28b00000 - 0x00007ffa28b10000 	C:\WINDOWS\System32\UMPDC.dll
0x00007ffa29d00000 - 0x00007ffa29d52000 	C:\WINDOWS\System32\shlwapi.dll
0x00007ffa28bd0000 - 0x00007ffa28be7000 	C:\WINDOWS\System32\cryptsp.dll
0x00007ffa0b0d0000 - 0x00007ffa0b0e9000 	C:\Program Files\Java\jdk-13.0.2\bin\net.dll
0x00007ffa1f180000 - 0x00007ffa1f270000 	C:\WINDOWS\SYSTEM32\WINHTTP.dll
0x00007ffa28370000 - 0x00007ffa283d7000 	C:\WINDOWS\system32\mswsock.dll
0x00007ffa098d0000 - 0x00007ffa098e3000 	C:\Program Files\Java\jdk-13.0.2\bin\nio.dll
0x00007ff9fdeb0000 - 0x00007ff9fdeca000 	C:\Program Files\JetBrains\IntelliJ IDEA 2019.3.3\bin\breakgen64.dll
0x00007ffa280c0000 - 0x00007ffa2818b000 	C:\WINDOWS\SYSTEM32\DNSAPI.dll
0x00007ffa29cf0000 - 0x00007ffa29cf8000 	C:\WINDOWS\System32\NSI.dll
0x00007ffa28080000 - 0x00007ffa280ba000 	C:\WINDOWS\SYSTEM32\IPHLPAPI.DLL
0x00007ffa22d20000 - 0x00007ffa22d2a000 	C:\Windows\System32\rasadhlp.dll
0x00007ffa207d0000 - 0x00007ffa20847000 	C:\WINDOWS\System32\fwpuclnt.dll
0x00007ffa29770000 - 0x00007ffa29796000 	C:\WINDOWS\System32\bcrypt.dll
0x00007ffa17100000 - 0x00007ffa17109000 	C:\Program Files\Java\jdk-13.0.2\bin\management.dll
0x00007ffa16040000 - 0x00007ffa1604b000 	C:\Program Files\Java\jdk-13.0.2\bin\management_ext.dll
0x00007ffa27ee0000 - 0x00007ffa27f13000 	C:\WINDOWS\system32\rsaenh.dll
0x00007ffa28a20000 - 0x00007ffa28a45000 	C:\WINDOWS\SYSTEM32\USERENV.dll
0x00007ffa28540000 - 0x00007ffa2854c000 	C:\WINDOWS\SYSTEM32\CRYPTBASE.dll
0x00007ffa20870000 - 0x00007ffa20886000 	C:\WINDOWS\SYSTEM32\dhcpcsvc6.DLL
0x00007ffa22080000 - 0x00007ffa2209c000 	C:\WINDOWS\SYSTEM32\dhcpcsvc.DLL
0x00007ffa0a840000 - 0x00007ffa0a856000 	C:\WINDOWS\system32\napinsp.dll
0x00007ffa095e0000 - 0x00007ffa095fa000 	C:\WINDOWS\system32\pnrpnsp.dll
0x00007ffa1c1b0000 - 0x00007ffa1c1be000 	C:\WINDOWS\System32\winrnr.dll
0x00007ffa22d40000 - 0x00007ffa22d5c000 	C:\WINDOWS\system32\NLAapi.dll
0x00007ffa23e70000 - 0x00007ffa23e85000 	C:\WINDOWS\system32\wshbth.dll

dbghelp: loaded successfully - version: 4.0.5 - missing functions: none
symbol engine: initialized successfully - sym options: 0x614 - pdb path: .;C:\Program Files\Java\jdk-13.0.2\bin;C:\WINDOWS\SYSTEM32;C:\WINDOWS\WinSxS\amd64_microsoft.windows.common-controls_6595b64144ccf1df_6.0.18362.900_none_e6beb9d913147d17;C:\Program Files\Java\jdk-13.0.2\bin\server;C:\Program Files\JetBrains\IntelliJ IDEA 2019.3.3\bin

VM Arguments:
jvm_args: -XX:TieredStopAtLevel=1 -Xverify:none -Dspring.output.ansi.enabled=always -Dcom.sun.management.jmxremote -Dspring.jmx.enabled=true -Dspring.liveBeansView.mbeanDomain -Dspring.application.admin.enabled=true -javaagent:C:\Program Files\JetBrains\IntelliJ IDEA 2019.3.3\lib\idea_rt.jar=4420:C:\Program Files\JetBrains\IntelliJ IDEA 2019.3.3\bin -Dfile.encoding=UTF-8 
java_command: com.space.datahub.DatahubApplication
java_class_path (initial): C:\Users\666\IdeaProjects\datahub_back\build\classes\java\main;C:\Users\666\IdeaProjects\datahub_back\build\resources\main;C:\Users\666\.gradle\caches\modules-2\files-2.1\org.springframework.boot\spring-boot-starter-data-jpa\2.2.5.RELEASE\fee4ad485421916aa5529c209f882fd180a1cf93\spring-boot-starter-data-jpa-2.2.5.RELEASE.jar;C:\Users\666\.gradle\caches\modules-2\files-2.1\org.springframework.boot\spring-boot-starter-mail\1.2.0.RELEASE\4f06890a34955556b428d6f42695fcd117ea27f\spring-boot-starter-mail-1.2.0.RELEASE.jar;C:\Users\666\.gradle\caches\modules-2\files-2.1\org.projectlombok\lombok\1.18.12\48e4e5d60309ebd833bc528dcf77668eab3cd72c\lombok-1.18.12.jar;C:\Users\666\.gradle\caches\modules-2\files-2.1\javax.xml.bind\jaxb-api\2.3.1\8531ad5ac454cc2deb9d4d32c40c4d7451939b5d\jaxb-api-2.3.1.jar;C:\Users\666\.gradle\caches\modules-2\files-2.1\org.springframework.boot\spring-boot-starter-thymeleaf\2.2.5.RELEASE\4022d870c07c0963e9f5542d01ec2aebaace7634\spring-boot-starter-thymeleaf-2.2.5.RELEASE.jar;C:\Users\666\.gradle\caches\modules-2\files-2.1\org.springframework.boot\spring-boot-starter-security\2.2.5.RELEASE\cbfba435fa8fd82d82cca2ac57dcf8ed326da274\spring-boot-starter-security-2.2.5.RELEASE.jar;C:\Users\666\.gradle\caches\modules-2\files-2.1\org.springframework.boot\spring-boot-starter-web\2.2.5.RELEASE\c84df617eb302ea502af8b37406df13f1fe6669b\spring-boot-starter-web-2.2.5.RELEASE.jar;C:\Users\666\.gradle\caches\modules-2\files-2.1\org.springframework.boot\spring-boot-devtools\2.2.5.RELEASE\43d986a4f295434b37b99703de9852e8c914d299\spring-boot-devtools-2.2.5.RELEASE.jar;C:\Users\666\.gradle\caches\modules-2\files-2.1\org.springframework.boot\spring-boot-starter-aop\2.2.5.RELEASE\782df61baf2c3d3094f683c02f9a3056974d69b7\spring-boot-starter-aop-2.2.5.RELEASE.jar;C:\Users\666\.gradle\caches\modules-2\files-2.1\org.springframework.boot\spring-boot-starter-jdbc\2.2.5.RELEASE\5bc988a151e1e4e35acb8765d261374ebe1b13a7\spring-boot-starter-jdbc-2.2.5.
Launcher Type: SUN_STANDARD

[Global flags]
     intx CICompilerCount                          = 4                                         {product} {ergonomic}
     uint ConcGCThreads                            = 2                                         {product} {ergonomic}
     uint G1ConcRefinementThreads                  = 8                                         {product} {ergonomic}
   size_t G1HeapRegionSize                         = 1048576                                   {product} {ergonomic}
    uintx GCDrainStackTargetSize                   = 64                                        {product} {ergonomic}
   size_t InitialHeapSize                          = 268435456                                 {product} {ergonomic}
     bool ManagementServer                         = true                                      {product} {command line}
   size_t MarkStackSize                            = 4194304                                   {product} {ergonomic}
   size_t MaxHeapSize                              = 4265607168                                {product} {ergonomic}
   size_t MaxNewSize                               = 2558525440                                {product} {ergonomic}
   size_t MinHeapDeltaBytes                        = 1048576                                   {product} {ergonomic}
   size_t MinHeapSize                              = 8388608                                   {product} {ergonomic}
    uintx NonNMethodCodeHeapSize                   = 7549744                                {pd product} {ergonomic}
    uintx NonProfiledCodeHeapSize                  = 244108496                              {pd product} {ergonomic}
    uintx ProfiledCodeHeapSize                     = 0                                      {pd product} {ergonomic}
    uintx ReservedCodeCacheSize                    = 251658240                              {pd product} {ergonomic}
     bool SegmentedCodeCache                       = true                                      {product} {ergonomic}
   size_t SoftMaxHeapSize                          = 4265607168                             {manageable} {ergonomic}
     intx TieredStopAtLevel                        = 1                                         {product} {command line}
     bool UseCompressedClassPointers               = true                                 {lp64_product} {ergonomic}
     bool UseCompressedOops                        = true                                 {lp64_product} {ergonomic}
     bool UseG1GC                                  = true                                      {product} {ergonomic}
     bool UseLargePagesIndividualAllocation        = false                                  {pd product} {ergonomic}

Logging:
Log output configuration:
 #0: stdout all=warning uptime,level,tags
 #1: stderr all=off uptime,level,tags

Environment Variables:
PATH=C:\Program Files (x86)\Common Files\Oracle\Java\javapath;C:\Windows\system32;C:\Windows;C:\Windows\System32\Wbem;C:\Windows\System32\WindowsPowerShell\v1.0\;C:\Windows\System32\OpenSSH\;C:\Program Files\Intel\WiFi\bin\;C:\Program Files\Common Files\Intel\WirelessCommon\;C:\Program Files (x86)\NVIDIA Corporation\PhysX\Common;C:\Program Files\NVIDIA Corporation\NVIDIA NvDLISR;C:\Program Files\Microsoft SQL Server\Client SDK\ODBC\170\Tools\Binn\;C:\Program Files (x86)\Microsoft SQL Server\150\Tools\Binn\;C:\Program Files\Microsoft SQL Server\150\Tools\Binn\;C:\Program Files\Microsoft SQL Server\150\DTS\Binn\;C:\Program Files\Git\cmd;C:\Program Files\PostgreSQL\12\bin;C:\Program Files\PostgreSQL\12\lib;C:\Users\666\Desktop\apache-maven-3.6.3\bin;;C:\WINDOWS\system32;C:\WINDOWS;C:\WINDOWS\System32\Wbem;C:\WINDOWS\System32\WindowsPowerShell\v1.0\;C:\WINDOWS\System32\OpenSSH\;C:\Program Files\dotnet\;C:\Users\666\AppData\Local\Microsoft\WindowsApps;;C:\Users\666\AppData\Local\Programs\Microsoft VS Code\bin;C:\Users\666\.dotnet\tools
USERNAME=666
OS=Windows_NT
PROCESSOR_IDENTIFIER=Intel64 Family 6 Model 158 Stepping 9, GenuineIntel



---------------  S Y S T E M  ---------------

OS: Windows 10 , 64 bit Build 18362 (10.0.18362.900)

CPU:total 8 (initial active 8) (4 cores per cpu, 2 threads per core) family 6 model 158 stepping 9, cmov, cx8, fxsr, mmx, sse, sse2, sse3, ssse3, sse4.1, sse4.2, popcnt, avx, avx2, aes, clmul, erms, 3dnowpref, lzcnt, ht, tsc, tscinvbit, bmi1, bmi2, adx, fma

Memory: 4k page, system-wide physical 16268M (7803M free)
TotalPageFile size 18700M (AvailPageFile size 7643M)
current process WorkingSet (physical memory assigned to process): 220M, peak: 223M
current process commit charge ("private bytes"): 281M, peak: 383M

vm_info: Java HotSpot(TM) 64-Bit Server VM (13.0.2+8) for windows-amd64 JRE (13.0.2+8), built on Dec 11 2019 09:20:33 by "mach5one" with unknown MS VC++:1916

END.
